\BOOKMARK [0][-]{chapter.1}{\376\377\0001\000\040\000D\000i\000a\000g\000r\000a\000m\000E\000d\000i\000t\000o\000r\000\040}{}% 1
\BOOKMARK [0][-]{chapter.2}{\376\377\0002\000\040\000N\000a\000m\000e\000s\000p\000a\000c\000e\000\040\000I\000n\000d\000e\000x}{}% 2
\BOOKMARK [1][-]{section.2.1}{\376\377\0002\000.\0001\000\040\000N\000a\000m\000e\000s\000p\000a\000c\000e\000\040\000L\000i\000s\000t}{chapter.2}% 3
\BOOKMARK [0][-]{chapter.3}{\376\377\0003\000\040\000H\000i\000e\000r\000a\000r\000c\000h\000i\000c\000a\000l\000\040\000I\000n\000d\000e\000x}{}% 4
\BOOKMARK [1][-]{section.3.1}{\376\377\0003\000.\0001\000\040\000C\000l\000a\000s\000s\000\040\000H\000i\000e\000r\000a\000r\000c\000h\000y}{chapter.3}% 5
\BOOKMARK [0][-]{chapter.4}{\376\377\0004\000\040\000C\000l\000a\000s\000s\000\040\000I\000n\000d\000e\000x}{}% 6
\BOOKMARK [1][-]{section.4.1}{\376\377\0004\000.\0001\000\040\000C\000l\000a\000s\000s\000\040\000L\000i\000s\000t}{chapter.4}% 7
\BOOKMARK [0][-]{chapter.5}{\376\377\0005\000\040\000F\000i\000l\000e\000\040\000I\000n\000d\000e\000x}{}% 8
\BOOKMARK [1][-]{section.5.1}{\376\377\0005\000.\0001\000\040\000F\000i\000l\000e\000\040\000L\000i\000s\000t}{chapter.5}% 9
\BOOKMARK [0][-]{chapter.6}{\376\377\0006\000\040\000N\000a\000m\000e\000s\000p\000a\000c\000e\000\040\000D\000o\000c\000u\000m\000e\000n\000t\000a\000t\000i\000o\000n}{}% 10
\BOOKMARK [1][-]{section.6.1}{\376\377\0006\000.\0001\000\040\000G\000e\000o\000m\000e\000t\000r\000y\000U\000t\000i\000l\000s\000\040\000N\000a\000m\000e\000s\000p\000a\000c\000e\000\040\000R\000e\000f\000e\000r\000e\000n\000c\000e}{chapter.6}% 11
\BOOKMARK [2][-]{subsection.6.1.1}{\376\377\0006\000.\0001\000.\0001\000\040\000D\000e\000t\000a\000i\000l\000e\000d\000\040\000D\000e\000s\000c\000r\000i\000p\000t\000i\000o\000n}{section.6.1}% 12
\BOOKMARK [2][-]{subsection.6.1.2}{\376\377\0006\000.\0001\000.\0002\000\040\000E\000n\000u\000m\000e\000r\000a\000t\000i\000o\000n\000\040\000T\000y\000p\000e\000\040\000D\000o\000c\000u\000m\000e\000n\000t\000a\000t\000i\000o\000n}{section.6.1}% 13
\BOOKMARK [3][-]{subsubsection.6.1.2.1}{\376\377\0006\000.\0001\000.\0002\000.\0001\000\040\000L\000i\000n\000e\000M\000a\000r\000k\000e\000r}{subsection.6.1.2}% 14
\BOOKMARK [3][-]{subsubsection.6.1.2.2}{\376\377\0006\000.\0001\000.\0002\000.\0002\000\040\000P\000o\000l\000y\000g\000o\000n\000S\000h\000a\000p\000e}{subsection.6.1.2}% 15
\BOOKMARK [3][-]{subsubsection.6.1.2.3}{\376\377\0006\000.\0001\000.\0002\000.\0003\000\040\000S\000t\000r\000o\000k\000e}{subsection.6.1.2}% 16
\BOOKMARK [2][-]{subsection.6.1.3}{\376\377\0006\000.\0001\000.\0003\000\040\000F\000u\000n\000c\000t\000i\000o\000n\000\040\000D\000o\000c\000u\000m\000e\000n\000t\000a\000t\000i\000o\000n}{section.6.1}% 17
\BOOKMARK [3][-]{subsubsection.6.1.3.1}{\376\377\0006\000.\0001\000.\0003\000.\0001\000\040\000a\000r\000r\000o\000w\000H\000e\000a\000d\000V\000e\000r\000t\000i\000c\000e\000s\000\050\000\051}{subsection.6.1.3}% 18
\BOOKMARK [3][-]{subsubsection.6.1.3.2}{\376\377\0006\000.\0001\000.\0003\000.\0002\000\040\000c\000l\000o\000s\000e\000d\000A\000r\000r\000o\000w\000H\000e\000a\000d\000\050\000\051}{subsection.6.1.3}% 19
\BOOKMARK [3][-]{subsubsection.6.1.3.3}{\376\377\0006\000.\0001\000.\0003\000.\0003\000\040\000c\000l\000o\000s\000e\000s\000t\000P\000o\000i\000n\000t\000O\000n\000S\000e\000g\000m\000e\000n\000t\000\050\000\051}{subsection.6.1.3}% 20
\BOOKMARK [3][-]{subsubsection.6.1.3.4}{\376\377\0006\000.\0001\000.\0003\000.\0004\000\040\000m\000a\000k\000e\000M\000a\000r\000k\000e\000r\000P\000o\000l\000y\000g\000o\000n\000\050\000\051}{subsection.6.1.3}% 21
\BOOKMARK [3][-]{subsubsection.6.1.3.5}{\376\377\0006\000.\0001\000.\0003\000.\0005\000\040\000m\000a\000k\000e\000P\000e\000n\000\050\000\051}{subsection.6.1.3}% 22
\BOOKMARK [3][-]{subsubsection.6.1.3.6}{\376\377\0006\000.\0001\000.\0003\000.\0006\000\040\000m\000a\000k\000e\000P\000o\000l\000y\000g\000o\000n\000\050\000\051}{subsection.6.1.3}% 23
\BOOKMARK [3][-]{subsubsection.6.1.3.7}{\376\377\0006\000.\0001\000.\0003\000.\0007\000\040\000m\000a\000r\000k\000e\000r\000F\000r\000o\000m\000S\000t\000r\000i\000n\000g\000\050\000\051}{subsection.6.1.3}% 24
\BOOKMARK [3][-]{subsubsection.6.1.3.8}{\376\377\0006\000.\0001\000.\0003\000.\0008\000\040\000m\000a\000r\000k\000e\000r\000N\000a\000m\000e\000\050\000\051}{subsection.6.1.3}% 25
\BOOKMARK [3][-]{subsubsection.6.1.3.9}{\376\377\0006\000.\0001\000.\0003\000.\0009\000\040\000o\000p\000e\000n\000e\000d\000A\000r\000r\000o\000w\000H\000e\000a\000d\000\050\000\051}{subsection.6.1.3}% 26
\BOOKMARK [3][-]{subsubsection.6.1.3.10}{\376\377\0006\000.\0001\000.\0003\000.\0001\0000\000\040\000s\000h\000a\000p\000e\000F\000r\000o\000m\000S\000t\000r\000i\000n\000g\000\050\000\051}{subsection.6.1.3}% 27
\BOOKMARK [3][-]{subsubsection.6.1.3.11}{\376\377\0006\000.\0001\000.\0003\000.\0001\0001\000\040\000s\000h\000a\000p\000e\000N\000a\000m\000e\000\050\000\051}{subsection.6.1.3}% 28
\BOOKMARK [3][-]{subsubsection.6.1.3.12}{\376\377\0006\000.\0001\000.\0003\000.\0001\0002\000\040\000s\000t\000r\000o\000k\000e\000F\000r\000o\000m\000S\000t\000r\000i\000n\000g\000\050\000\051}{subsection.6.1.3}% 29
\BOOKMARK [3][-]{subsubsection.6.1.3.13}{\376\377\0006\000.\0001\000.\0003\000.\0001\0003\000\040\000s\000t\000r\000o\000k\000e\000N\000a\000m\000e\000\050\000\051}{subsection.6.1.3}% 30
\BOOKMARK [3][-]{subsubsection.6.1.3.14}{\376\377\0006\000.\0001\000.\0003\000.\0001\0004\000\040\000u\000n\000i\000t\000a\000r\000y\000C\000i\000r\000c\000l\000e\000\050\000\051}{subsection.6.1.3}% 31
\BOOKMARK [3][-]{subsubsection.6.1.3.15}{\376\377\0006\000.\0001\000.\0003\000.\0001\0005\000\040\000u\000n\000i\000t\000a\000r\000y\000D\000i\000a\000m\000o\000n\000d\000\050\000\051}{subsection.6.1.3}% 32
\BOOKMARK [3][-]{subsubsection.6.1.3.16}{\376\377\0006\000.\0001\000.\0003\000.\0001\0006\000\040\000u\000n\000i\000t\000a\000r\000y\000P\000a\000p\000e\000r\000\050\000\051}{subsection.6.1.3}% 33
\BOOKMARK [3][-]{subsubsection.6.1.3.17}{\376\377\0006\000.\0001\000.\0003\000.\0001\0007\000\040\000u\000n\000i\000t\000a\000r\000y\000S\000q\000u\000a\000r\000e\000\050\000\051}{subsection.6.1.3}% 34
\BOOKMARK [0][-]{chapter.7}{\376\377\0007\000\040\000C\000l\000a\000s\000s\000\040\000D\000o\000c\000u\000m\000e\000n\000t\000a\000t\000i\000o\000n}{}% 35
\BOOKMARK [1][-]{section.7.1}{\376\377\0007\000.\0001\000\040\000D\000i\000a\000g\000r\000a\000m\000I\000t\000e\000m\000:\000:\000C\000o\000m\000p\000o\000n\000e\000n\000t\000\040\000S\000t\000r\000u\000c\000t\000\040\000R\000e\000f\000e\000r\000e\000n\000c\000e}{chapter.7}% 36
\BOOKMARK [2][-]{subsection.7.1.1}{\376\377\0007\000.\0001\000.\0001\000\040\000D\000e\000t\000a\000i\000l\000e\000d\000\040\000D\000e\000s\000c\000r\000i\000p\000t\000i\000o\000n}{section.7.1}% 37
\BOOKMARK [1][-]{section.7.2}{\376\377\0007\000.\0002\000\040\000W\000i\000z\000a\000r\000d\000:\000:\000C\000o\000n\000f\000i\000g\000u\000r\000a\000t\000i\000o\000n\000\040\000S\000t\000r\000u\000c\000t\000\040\000R\000e\000f\000e\000r\000e\000n\000c\000e}{chapter.7}% 38
\BOOKMARK [2][-]{subsection.7.2.1}{\376\377\0007\000.\0002\000.\0001\000\040\000D\000e\000t\000a\000i\000l\000e\000d\000\040\000D\000e\000s\000c\000r\000i\000p\000t\000i\000o\000n}{section.7.2}% 39
\BOOKMARK [1][-]{section.7.3}{\376\377\0007\000.\0003\000\040\000C\000o\000n\000n\000e\000c\000t\000a\000b\000l\000e\000R\000e\000s\000i\000z\000e\000r\000\040\000C\000l\000a\000s\000s\000\040\000R\000e\000f\000e\000r\000e\000n\000c\000e}{chapter.7}% 40
\BOOKMARK [2][-]{subsection.7.3.1}{\376\377\0007\000.\0003\000.\0001\000\040\000D\000e\000t\000a\000i\000l\000e\000d\000\040\000D\000e\000s\000c\000r\000i\000p\000t\000i\000o\000n}{section.7.3}% 41
\BOOKMARK [2][-]{subsection.7.3.2}{\376\377\0007\000.\0003\000.\0002\000\040\000C\000o\000n\000s\000t\000r\000u\000c\000t\000o\000r\000\040\000\046\000\040\000D\000e\000s\000t\000r\000u\000c\000t\000o\000r\000\040\000D\000o\000c\000u\000m\000e\000n\000t\000a\000t\000i\000o\000n}{section.7.3}% 42
\BOOKMARK [3][-]{subsubsection.7.3.2.1}{\376\377\0007\000.\0003\000.\0002\000.\0001\000\040\000C\000o\000n\000n\000e\000c\000t\000a\000b\000l\000e\000R\000e\000s\000i\000z\000e\000r\000\050\000\051}{subsection.7.3.2}% 43
\BOOKMARK [2][-]{subsection.7.3.3}{\376\377\0007\000.\0003\000.\0003\000\040\000M\000e\000m\000b\000e\000r\000\040\000F\000u\000n\000c\000t\000i\000o\000n\000\040\000D\000o\000c\000u\000m\000e\000n\000t\000a\000t\000i\000o\000n}{section.7.3}% 44
\BOOKMARK [3][-]{subsubsection.7.3.3.1}{\376\377\0007\000.\0003\000.\0003\000.\0001\000\040\000c\000o\000n\000n\000e\000c\000t\000R\000e\000s\000i\000z\000e\000r\000\050\000\051}{subsection.7.3.3}% 45
\BOOKMARK [3][-]{subsubsection.7.3.3.2}{\376\377\0007\000.\0003\000.\0003\000.\0002\000\040\000i\000t\000e\000m\000C\000h\000a\000n\000g\000e\000\050\000\051}{subsection.7.3.3}% 46
\BOOKMARK [3][-]{subsubsection.7.3.3.3}{\376\377\0007\000.\0003\000.\0003\000.\0003\000\040\000l\000o\000a\000d\000F\000r\000o\000m\000H\000a\000s\000h\000\050\000\051}{subsection.7.3.3}% 47
\BOOKMARK [3][-]{subsubsection.7.3.3.4}{\376\377\0007\000.\0003\000.\0003\000.\0004\000\040\000m\000o\000u\000s\000e\000M\000o\000v\000e\000E\000v\000e\000n\000t\000\050\000\051}{subsection.7.3.3}% 48
\BOOKMARK [3][-]{subsubsection.7.3.3.5}{\376\377\0007\000.\0003\000.\0003\000.\0005\000\040\000m\000o\000u\000s\000e\000R\000e\000l\000e\000a\000s\000e\000E\000v\000e\000n\000t\000\050\000\051}{subsection.7.3.3}% 49
\BOOKMARK [3][-]{subsubsection.7.3.3.6}{\376\377\0007\000.\0003\000.\0003\000.\0006\000\040\000t\000o\000H\000a\000s\000h\000\050\000\051}{subsection.7.3.3}% 50
\BOOKMARK [3][-]{subsubsection.7.3.3.7}{\376\377\0007\000.\0003\000.\0003\000.\0007\000\040\000u\000p\000d\000a\000t\000e\000P\000a\000r\000e\000n\000t\000P\000o\000s\000i\000t\000i\000o\000n}{subsection.7.3.3}% 51
\BOOKMARK [1][-]{section.7.4}{\376\377\0007\000.\0004\000\040\000C\000o\000n\000n\000e\000c\000t\000i\000o\000n\000S\000p\000e\000c\000i\000f\000i\000c\000a\000t\000i\000o\000n\000s\000\040\000C\000l\000a\000s\000s\000\040\000R\000e\000f\000e\000r\000e\000n\000c\000e}{chapter.7}% 52
\BOOKMARK [2][-]{subsection.7.4.1}{\376\377\0007\000.\0004\000.\0001\000\040\000D\000e\000t\000a\000i\000l\000e\000d\000\040\000D\000e\000s\000c\000r\000i\000p\000t\000i\000o\000n}{section.7.4}% 53
\BOOKMARK [2][-]{subsection.7.4.2}{\376\377\0007\000.\0004\000.\0002\000\040\000M\000e\000m\000b\000e\000r\000\040\000E\000n\000u\000m\000e\000r\000a\000t\000i\000o\000n\000\040\000D\000o\000c\000u\000m\000e\000n\000t\000a\000t\000i\000o\000n}{section.7.4}% 54
\BOOKMARK [3][-]{subsubsection.7.4.2.1}{\376\377\0007\000.\0004\000.\0002\000.\0001\000\040\000H\000o\000r\000i\000z\000o\000n\000t\000a\000l\000P\000o\000s}{subsection.7.4.2}% 55
\BOOKMARK [3][-]{subsubsection.7.4.2.2}{\376\377\0007\000.\0004\000.\0002\000.\0002\000\040\000V\000e\000r\000t\000i\000c\000a\000l\000P\000o\000s}{subsection.7.4.2}% 56
\BOOKMARK [2][-]{subsection.7.4.3}{\376\377\0007\000.\0004\000.\0003\000\040\000C\000o\000n\000s\000t\000r\000u\000c\000t\000o\000r\000\040\000\046\000\040\000D\000e\000s\000t\000r\000u\000c\000t\000o\000r\000\040\000D\000o\000c\000u\000m\000e\000n\000t\000a\000t\000i\000o\000n}{section.7.4}% 57
\BOOKMARK [3][-]{subsubsection.7.4.3.1}{\376\377\0007\000.\0004\000.\0003\000.\0001\000\040\000C\000o\000n\000n\000e\000c\000t\000i\000o\000n\000S\000p\000e\000c\000i\000f\000i\000c\000a\000t\000i\000o\000n\000s\000\050\000\051}{subsection.7.4.3}% 58
\BOOKMARK [2][-]{subsection.7.4.4}{\376\377\0007\000.\0004\000.\0004\000\040\000M\000e\000m\000b\000e\000r\000\040\000F\000u\000n\000c\000t\000i\000o\000n\000\040\000D\000o\000c\000u\000m\000e\000n\000t\000a\000t\000i\000o\000n}{section.7.4}% 59
\BOOKMARK [3][-]{subsubsection.7.4.4.1}{\376\377\0007\000.\0004\000.\0004\000.\0001\000\040\000a\000p\000p\000l\000y\000F\000o\000r\000m\000R\000e\000s\000u\000l\000t\000s\000\050\000\051}{subsection.7.4.4}% 60
\BOOKMARK [3][-]{subsubsection.7.4.4.2}{\376\377\0007\000.\0004\000.\0004\000.\0002\000\040\000l\000o\000a\000d\000F\000r\000o\000m\000H\000a\000s\000h\000\050\000\051}{subsection.7.4.4}% 61
\BOOKMARK [3][-]{subsubsection.7.4.4.3}{\376\377\0007\000.\0004\000.\0004\000.\0003\000\040\000t\000o\000H\000a\000s\000h\000\050\000\051}{subsection.7.4.4}% 62
\BOOKMARK [3][-]{subsubsection.7.4.4.4}{\376\377\0007\000.\0004\000.\0004\000.\0004\000\040\000u\000p\000d\000a\000t\000e\000S\000p\000e\000c\000i\000f\000i\000c\000a\000t\000i\000o\000n\000s\000P\000o\000s}{subsection.7.4.4}% 63
\BOOKMARK [1][-]{section.7.5}{\376\377\0007\000.\0005\000\040\000D\000i\000a\000g\000r\000a\000m\000\040\000C\000l\000a\000s\000s\000\040\000R\000e\000f\000e\000r\000e\000n\000c\000e}{chapter.7}% 64
\BOOKMARK [2][-]{subsection.7.5.1}{\376\377\0007\000.\0005\000.\0001\000\040\000D\000e\000t\000a\000i\000l\000e\000d\000\040\000D\000e\000s\000c\000r\000i\000p\000t\000i\000o\000n}{section.7.5}% 65
\BOOKMARK [2][-]{subsection.7.5.2}{\376\377\0007\000.\0005\000.\0002\000\040\000M\000e\000m\000b\000e\000r\000\040\000E\000n\000u\000m\000e\000r\000a\000t\000i\000o\000n\000\040\000D\000o\000c\000u\000m\000e\000n\000t\000a\000t\000i\000o\000n}{section.7.5}% 66
\BOOKMARK [3][-]{subsubsection.7.5.2.1}{\376\377\0007\000.\0005\000.\0002\000.\0001\000\040\000E\000d\000i\000t\000i\000o\000n\000M\000o\000d\000e}{subsection.7.5.2}% 67
\BOOKMARK [2][-]{subsection.7.5.3}{\376\377\0007\000.\0005\000.\0003\000\040\000C\000o\000n\000s\000t\000r\000u\000c\000t\000o\000r\000\040\000\046\000\040\000D\000e\000s\000t\000r\000u\000c\000t\000o\000r\000\040\000D\000o\000c\000u\000m\000e\000n\000t\000a\000t\000i\000o\000n}{section.7.5}% 68
\BOOKMARK [3][-]{subsubsection.7.5.3.1}{\376\377\0007\000.\0005\000.\0003\000.\0001\000\040\000D\000i\000a\000g\000r\000a\000m\000\050\000\051}{subsection.7.5.3}% 69
\BOOKMARK [2][-]{subsection.7.5.4}{\376\377\0007\000.\0005\000.\0004\000\040\000M\000e\000m\000b\000e\000r\000\040\000F\000u\000n\000c\000t\000i\000o\000n\000\040\000D\000o\000c\000u\000m\000e\000n\000t\000a\000t\000i\000o\000n}{section.7.5}% 70
\BOOKMARK [3][-]{subsubsection.7.5.4.1}{\376\377\0007\000.\0005\000.\0004\000.\0001\000\040\000c\000o\000m\000p\000o\000n\000e\000n\000t\000B\000y\000I\000d\000s\000\050\000\051}{subsection.7.5.4}% 71
\BOOKMARK [3][-]{subsubsection.7.5.4.2}{\376\377\0007\000.\0005\000.\0004\000.\0002\000\040\000d\000e\000l\000e\000t\000e\000S\000e\000l\000e\000c\000t\000e\000d\000I\000t\000e\000m\000s}{subsection.7.5.4}% 72
\BOOKMARK [3][-]{subsubsection.7.5.4.3}{\376\377\0007\000.\0005\000.\0004\000.\0003\000\040\000d\000i\000a\000g\000r\000a\000m\000C\000o\000m\000p\000o\000n\000e\000n\000t\000A\000t\000\050\000\051}{subsection.7.5.4}% 73
\BOOKMARK [3][-]{subsubsection.7.5.4.4}{\376\377\0007\000.\0005\000.\0004\000.\0004\000\040\000d\000i\000a\000g\000r\000a\000m\000I\000t\000e\000m\000A\000t\000\050\000\051}{subsection.7.5.4}% 74
\BOOKMARK [3][-]{subsubsection.7.5.4.5}{\376\377\0007\000.\0005\000.\0004\000.\0005\000\040\000i\000t\000e\000m\000R\000e\000q\000u\000e\000s\000t\000e\000d}{subsection.7.5.4}% 75
\BOOKMARK [3][-]{subsubsection.7.5.4.6}{\376\377\0007\000.\0005\000.\0004\000.\0006\000\040\000l\000o\000a\000d\000F\000r\000o\000m\000H\000a\000s\000h\000\050\000\051}{subsection.7.5.4}% 76
\BOOKMARK [3][-]{subsubsection.7.5.4.7}{\376\377\0007\000.\0005\000.\0004\000.\0007\000\040\000m\000o\000u\000s\000e\000M\000o\000v\000e\000E\000v\000e\000n\000t\000\050\000\051}{subsection.7.5.4}% 77
\BOOKMARK [3][-]{subsubsection.7.5.4.8}{\376\377\0007\000.\0005\000.\0004\000.\0008\000\040\000m\000o\000u\000s\000e\000P\000r\000e\000s\000s\000E\000v\000e\000n\000t\000\050\000\051}{subsection.7.5.4}% 78
\BOOKMARK [3][-]{subsubsection.7.5.4.9}{\376\377\0007\000.\0005\000.\0004\000.\0009\000\040\000m\000o\000v\000e\000S\000e\000l\000e\000c\000t\000e\000d\000I\000t\000e\000m\000s}{subsection.7.5.4}% 79
\BOOKMARK [3][-]{subsubsection.7.5.4.10}{\376\377\0007\000.\0005\000.\0004\000.\0001\0000\000\040\000n\000e\000w\000D\000i\000a\000g\000r\000a\000m\000I\000t\000e\000m\000I\000d\000\050\000\051}{subsection.7.5.4}% 80
\BOOKMARK [3][-]{subsubsection.7.5.4.11}{\376\377\0007\000.\0005\000.\0004\000.\0001\0001\000\040\000s\000e\000l\000e\000c\000t\000e\000d\000I\000t\000e\000m\000C\000h\000a\000n\000g\000e\000d}{subsection.7.5.4}% 81
\BOOKMARK [3][-]{subsubsection.7.5.4.12}{\376\377\0007\000.\0005\000.\0004\000.\0001\0002\000\040\000s\000e\000l\000e\000c\000t\000N\000e\000x\000t\000I\000t\000e\000m}{subsection.7.5.4}% 82
\BOOKMARK [3][-]{subsubsection.7.5.4.13}{\376\377\0007\000.\0005\000.\0004\000.\0001\0003\000\040\000s\000e\000t\000D\000r\000a\000g\000g\000i\000n\000g\000R\000e\000s\000i\000z\000e\000r\000\050\000\051}{subsection.7.5.4}% 83
\BOOKMARK [3][-]{subsubsection.7.5.4.14}{\376\377\0007\000.\0005\000.\0004\000.\0001\0004\000\040\000s\000e\000t\000E\000d\000i\000t\000i\000o\000n\000M\000o\000d\000e\000\050\000\051}{subsection.7.5.4}% 84
\BOOKMARK [3][-]{subsubsection.7.5.4.15}{\376\377\0007\000.\0005\000.\0004\000.\0001\0005\000\040\000s\000e\000t\000S\000p\000e\000c\000i\000f\000i\000c\000a\000t\000i\000o\000n\000s\000\050\000\051}{subsection.7.5.4}% 85
\BOOKMARK [3][-]{subsubsection.7.5.4.16}{\376\377\0007\000.\0005\000.\0004\000.\0001\0006\000\040\000t\000o\000H\000a\000s\000h\000\050\000\051}{subsection.7.5.4}% 86
\BOOKMARK [1][-]{section.7.6}{\376\377\0007\000.\0006\000\040\000D\000i\000a\000g\000r\000a\000m\000C\000o\000m\000p\000o\000n\000e\000n\000t\000\040\000C\000l\000a\000s\000s\000\040\000R\000e\000f\000e\000r\000e\000n\000c\000e}{chapter.7}% 87
\BOOKMARK [2][-]{subsection.7.6.1}{\376\377\0007\000.\0006\000.\0001\000\040\000D\000e\000t\000a\000i\000l\000e\000d\000\040\000D\000e\000s\000c\000r\000i\000p\000t\000i\000o\000n}{section.7.6}% 88
\BOOKMARK [2][-]{subsection.7.6.2}{\376\377\0007\000.\0006\000.\0002\000\040\000C\000o\000n\000s\000t\000r\000u\000c\000t\000o\000r\000\040\000\046\000\040\000D\000e\000s\000t\000r\000u\000c\000t\000o\000r\000\040\000D\000o\000c\000u\000m\000e\000n\000t\000a\000t\000i\000o\000n}{section.7.6}% 89
\BOOKMARK [3][-]{subsubsection.7.6.2.1}{\376\377\0007\000.\0006\000.\0002\000.\0001\000\040\000D\000i\000a\000g\000r\000a\000m\000C\000o\000m\000p\000o\000n\000e\000n\000t\000\050\000\051}{subsection.7.6.2}% 90
\BOOKMARK [2][-]{subsection.7.6.3}{\376\377\0007\000.\0006\000.\0003\000\040\000M\000e\000m\000b\000e\000r\000\040\000F\000u\000n\000c\000t\000i\000o\000n\000\040\000D\000o\000c\000u\000m\000e\000n\000t\000a\000t\000i\000o\000n}{section.7.6}% 91
\BOOKMARK [3][-]{subsubsection.7.6.3.1}{\376\377\0007\000.\0006\000.\0003\000.\0001\000\040\000a\000d\000d\000R\000e\000s\000i\000z\000e\000r\000\050\000\051}{subsection.7.6.3}% 92
\BOOKMARK [3][-]{subsubsection.7.6.3.2}{\376\377\0007\000.\0006\000.\0003\000.\0002\000\040\000c\000a\000n\000R\000e\000s\000i\000z\000e\000T\000o\000\050\000\051}{subsection.7.6.3}% 93
\BOOKMARK [3][-]{subsubsection.7.6.3.3}{\376\377\0007\000.\0006\000.\0003\000.\0003\000\040\000c\000l\000o\000s\000e\000s\000t\000C\000o\000n\000n\000e\000c\000t\000i\000o\000n\000P\000o\000i\000n\000t\000\050\000\051}{subsection.7.6.3}% 94
\BOOKMARK [3][-]{subsubsection.7.6.3.4}{\376\377\0007\000.\0006\000.\0003\000.\0004\000\040\000c\000o\000m\000p\000o\000n\000e\000n\000t\000I\000d\000\050\000\051}{subsection.7.6.3}% 95
\BOOKMARK [3][-]{subsubsection.7.6.3.5}{\376\377\0007\000.\0006\000.\0003\000.\0005\000\040\000c\000o\000m\000p\000o\000n\000e\000n\000t\000R\000e\000s\000i\000z\000e\000d}{subsection.7.6.3}% 96
\BOOKMARK [3][-]{subsubsection.7.6.3.6}{\376\377\0007\000.\0006\000.\0003\000.\0006\000\040\000c\000o\000n\000n\000e\000c\000t\000C\000o\000m\000p\000o\000n\000e\000n\000t\000\050\000\051}{subsection.7.6.3}% 97
\BOOKMARK [3][-]{subsubsection.7.6.3.7}{\376\377\0007\000.\0006\000.\0003\000.\0007\000\040\000d\000e\000f\000i\000n\000e\000d\000Z\000V\000a\000l\000u\000e\000\050\000\051}{subsection.7.6.3}% 98
\BOOKMARK [3][-]{subsubsection.7.6.3.8}{\376\377\0007\000.\0006\000.\0003\000.\0008\000\040\000g\000r\000a\000p\000h\000i\000c\000s\000I\000t\000e\000m\000\050\000\051}{subsection.7.6.3}% 99
\BOOKMARK [3][-]{subsubsection.7.6.3.9}{\376\377\0007\000.\0006\000.\0003\000.\0009\000\040\000g\000r\000o\000u\000p\000I\000d\000\050\000\051}{subsection.7.6.3}% 100
\BOOKMARK [3][-]{subsubsection.7.6.3.10}{\376\377\0007\000.\0006\000.\0003\000.\0001\0000\000\040\000p\000o\000s\000i\000t\000i\000o\000n\000C\000h\000a\000n\000g\000e\000d}{subsection.7.6.3}% 101
\BOOKMARK [3][-]{subsubsection.7.6.3.11}{\376\377\0007\000.\0006\000.\0003\000.\0001\0001\000\040\000r\000e\000m\000o\000v\000e\000R\000e\000s\000i\000z\000e\000r\000\050\000\051}{subsection.7.6.3}% 102
\BOOKMARK [3][-]{subsubsection.7.6.3.12}{\376\377\0007\000.\0006\000.\0003\000.\0001\0002\000\040\000r\000e\000s\000i\000z\000e\000\050\000\051}{subsection.7.6.3}% 103
\BOOKMARK [3][-]{subsubsection.7.6.3.13}{\376\377\0007\000.\0006\000.\0003\000.\0001\0003\000\040\000s\000e\000t\000C\000o\000m\000m\000e\000n\000t\000B\000a\000d\000g\000e\000V\000i\000s\000i\000b\000i\000l\000i\000t\000y\000\050\000\051}{subsection.7.6.3}% 104
\BOOKMARK [3][-]{subsubsection.7.6.3.14}{\376\377\0007\000.\0006\000.\0003\000.\0001\0004\000\040\000s\000e\000t\000R\000e\000s\000i\000z\000e\000r\000s\000V\000i\000s\000i\000b\000i\000l\000i\000t\000y\000\050\000\051}{subsection.7.6.3}% 105
\BOOKMARK [3][-]{subsubsection.7.6.3.15}{\376\377\0007\000.\0006\000.\0003\000.\0001\0005\000\040\000s\000e\000t\000S\000h\000a\000d\000o\000w\000\050\000\051}{subsection.7.6.3}% 106
\BOOKMARK [3][-]{subsubsection.7.6.3.16}{\376\377\0007\000.\0006\000.\0003\000.\0001\0006\000\040\000s\000e\000t\000S\000p\000e\000c\000i\000f\000i\000c\000a\000t\000i\000o\000n\000s\000\050\000\051}{subsection.7.6.3}% 107
\BOOKMARK [3][-]{subsubsection.7.6.3.17}{\376\377\0007\000.\0006\000.\0003\000.\0001\0007\000\040\000s\000p\000e\000c\000i\000f\000i\000c\000a\000t\000i\000o\000n\000s\000F\000o\000r\000m\000\050\000\051}{subsection.7.6.3}% 108
\BOOKMARK [3][-]{subsubsection.7.6.3.18}{\376\377\0007\000.\0006\000.\0003\000.\0001\0008\000\040\000u\000p\000d\000a\000t\000e\000C\000o\000m\000m\000e\000n\000t\000B\000a\000d\000g\000e\000P\000o\000s\000\050\000\051}{subsection.7.6.3}% 109
\BOOKMARK [2][-]{subsection.7.6.4}{\376\377\0007\000.\0006\000.\0004\000\040\000M\000e\000m\000b\000e\000r\000\040\000D\000a\000t\000a\000\040\000D\000o\000c\000u\000m\000e\000n\000t\000a\000t\000i\000o\000n}{section.7.6}% 110
\BOOKMARK [3][-]{subsubsection.7.6.4.1}{\376\377\0007\000.\0006\000.\0004\000.\0001\000\040\000c\000o\000m\000p\000o\000n\000e\000n\000t\000G\000r\000o\000u\000p}{subsection.7.6.4}% 111
\BOOKMARK [1][-]{section.7.7}{\376\377\0007\000.\0007\000\040\000D\000i\000a\000g\000r\000a\000m\000C\000o\000n\000n\000e\000c\000t\000i\000o\000n\000\040\000C\000l\000a\000s\000s\000\040\000R\000e\000f\000e\000r\000e\000n\000c\000e}{chapter.7}% 112
\BOOKMARK [2][-]{subsection.7.7.1}{\376\377\0007\000.\0007\000.\0001\000\040\000D\000e\000t\000a\000i\000l\000e\000d\000\040\000D\000e\000s\000c\000r\000i\000p\000t\000i\000o\000n}{section.7.7}% 113
\BOOKMARK [2][-]{subsection.7.7.2}{\376\377\0007\000.\0007\000.\0002\000\040\000C\000o\000n\000s\000t\000r\000u\000c\000t\000o\000r\000\040\000\046\000\040\000D\000e\000s\000t\000r\000u\000c\000t\000o\000r\000\040\000D\000o\000c\000u\000m\000e\000n\000t\000a\000t\000i\000o\000n}{section.7.7}% 114
\BOOKMARK [3][-]{subsubsection.7.7.2.1}{\376\377\0007\000.\0007\000.\0002\000.\0001\000\040\000D\000i\000a\000g\000r\000a\000m\000C\000o\000n\000n\000e\000c\000t\000i\000o\000n\000\050\000\051}{subsection.7.7.2}% 115
\BOOKMARK [3][-]{subsubsection.7.7.2.2}{\376\377\0007\000.\0007\000.\0002\000.\0002\000\040\000~\000D\000i\000a\000g\000r\000a\000m\000C\000o\000n\000n\000e\000c\000t\000i\000o\000n\000\050\000\051}{subsection.7.7.2}% 116
\BOOKMARK [2][-]{subsection.7.7.3}{\376\377\0007\000.\0007\000.\0003\000\040\000M\000e\000m\000b\000e\000r\000\040\000F\000u\000n\000c\000t\000i\000o\000n\000\040\000D\000o\000c\000u\000m\000e\000n\000t\000a\000t\000i\000o\000n}{section.7.7}% 117
\BOOKMARK [3][-]{subsubsection.7.7.3.1}{\376\377\0007\000.\0007\000.\0003\000.\0001\000\040\000a\000d\000d\000R\000e\000s\000i\000z\000e\000r\000\050\000\051}{subsection.7.7.3}% 118
\BOOKMARK [3][-]{subsubsection.7.7.3.2}{\376\377\0007\000.\0007\000.\0003\000.\0002\000\040\000c\000o\000n\000n\000e\000c\000t\000C\000o\000m\000p\000o\000n\000e\000n\000t\000\050\000\051}{subsection.7.7.3}% 119
\BOOKMARK [3][-]{subsubsection.7.7.3.3}{\376\377\0007\000.\0007\000.\0003\000.\0003\000\040\000d\000e\000f\000i\000n\000e\000d\000Z\000V\000a\000l\000u\000e\000\050\000\051}{subsection.7.7.3}% 120
\BOOKMARK [3][-]{subsubsection.7.7.3.4}{\376\377\0007\000.\0007\000.\0003\000.\0004\000\040\000l\000o\000a\000d\000F\000r\000o\000m\000H\000a\000s\000h\000\050\000\051}{subsection.7.7.3}% 121
\BOOKMARK [3][-]{subsubsection.7.7.3.5}{\376\377\0007\000.\0007\000.\0003\000.\0005\000\040\000r\000e\000m\000o\000v\000e\000R\000e\000s\000i\000z\000e\000r\000\050\000\051}{subsection.7.7.3}% 122
\BOOKMARK [3][-]{subsubsection.7.7.3.6}{\376\377\0007\000.\0007\000.\0003\000.\0006\000\040\000r\000e\000s\000i\000z\000e\000\050\000\051}{subsection.7.7.3}% 123
\BOOKMARK [3][-]{subsubsection.7.7.3.7}{\376\377\0007\000.\0007\000.\0003\000.\0007\000\040\000s\000e\000t\000R\000e\000s\000i\000z\000e\000r\000s\000V\000i\000s\000i\000b\000i\000l\000i\000t\000y\000\050\000\051}{subsection.7.7.3}% 124
\BOOKMARK [3][-]{subsubsection.7.7.3.8}{\376\377\0007\000.\0007\000.\0003\000.\0008\000\040\000s\000e\000t\000S\000h\000a\000d\000o\000w\000\050\000\051}{subsection.7.7.3}% 125
\BOOKMARK [3][-]{subsubsection.7.7.3.9}{\376\377\0007\000.\0007\000.\0003\000.\0009\000\040\000s\000e\000t\000S\000p\000e\000c\000i\000f\000i\000c\000a\000t\000i\000o\000n\000s\000\050\000\051}{subsection.7.7.3}% 126
\BOOKMARK [3][-]{subsubsection.7.7.3.10}{\376\377\0007\000.\0007\000.\0003\000.\0001\0000\000\040\000s\000p\000e\000c\000i\000f\000i\000c\000a\000t\000i\000o\000n\000s\000F\000o\000r\000m\000\050\000\051}{subsection.7.7.3}% 127
\BOOKMARK [3][-]{subsubsection.7.7.3.11}{\376\377\0007\000.\0007\000.\0003\000.\0001\0001\000\040\000t\000o\000H\000a\000s\000h\000\050\000\051}{subsection.7.7.3}% 128
\BOOKMARK [1][-]{section.7.8}{\376\377\0007\000.\0008\000\040\000D\000i\000a\000g\000r\000a\000m\000E\000l\000e\000m\000e\000n\000t\000\040\000C\000l\000a\000s\000s\000\040\000R\000e\000f\000e\000r\000e\000n\000c\000e}{chapter.7}% 129
\BOOKMARK [2][-]{subsection.7.8.1}{\376\377\0007\000.\0008\000.\0001\000\040\000D\000e\000t\000a\000i\000l\000e\000d\000\040\000D\000e\000s\000c\000r\000i\000p\000t\000i\000o\000n}{section.7.8}% 130
\BOOKMARK [2][-]{subsection.7.8.2}{\376\377\0007\000.\0008\000.\0002\000\040\000C\000o\000n\000s\000t\000r\000u\000c\000t\000o\000r\000\040\000\046\000\040\000D\000e\000s\000t\000r\000u\000c\000t\000o\000r\000\040\000D\000o\000c\000u\000m\000e\000n\000t\000a\000t\000i\000o\000n}{section.7.8}% 131
\BOOKMARK [3][-]{subsubsection.7.8.2.1}{\376\377\0007\000.\0008\000.\0002\000.\0001\000\040\000D\000i\000a\000g\000r\000a\000m\000E\000l\000e\000m\000e\000n\000t\000\050\000\051}{subsection.7.8.2}% 132
\BOOKMARK [3][-]{subsubsection.7.8.2.2}{\376\377\0007\000.\0008\000.\0002\000.\0002\000\040\000~\000D\000i\000a\000g\000r\000a\000m\000E\000l\000e\000m\000e\000n\000t\000\050\000\051}{subsection.7.8.2}% 133
\BOOKMARK [2][-]{subsection.7.8.3}{\376\377\0007\000.\0008\000.\0003\000\040\000M\000e\000m\000b\000e\000r\000\040\000F\000u\000n\000c\000t\000i\000o\000n\000\040\000D\000o\000c\000u\000m\000e\000n\000t\000a\000t\000i\000o\000n}{section.7.8}% 134
\BOOKMARK [3][-]{subsubsection.7.8.3.1}{\376\377\0007\000.\0008\000.\0003\000.\0001\000\040\000c\000a\000n\000R\000e\000s\000i\000z\000e\000T\000o\000\050\000\051}{subsection.7.8.3}% 135
\BOOKMARK [3][-]{subsubsection.7.8.3.2}{\376\377\0007\000.\0008\000.\0003\000.\0002\000\040\000l\000o\000a\000d\000F\000r\000o\000m\000H\000a\000s\000h\000\050\000\051}{subsection.7.8.3}% 136
\BOOKMARK [3][-]{subsubsection.7.8.3.3}{\376\377\0007\000.\0008\000.\0003\000.\0003\000\040\000r\000e\000s\000i\000z\000e\000\050\000\051}{subsection.7.8.3}% 137
\BOOKMARK [3][-]{subsubsection.7.8.3.4}{\376\377\0007\000.\0008\000.\0003\000.\0004\000\040\000s\000e\000t\000R\000e\000s\000i\000z\000e\000r\000s\000V\000i\000s\000i\000b\000i\000l\000i\000t\000y\000\050\000\051}{subsection.7.8.3}% 138
\BOOKMARK [3][-]{subsubsection.7.8.3.5}{\376\377\0007\000.\0008\000.\0003\000.\0005\000\040\000s\000e\000t\000S\000h\000a\000d\000o\000w\000\050\000\051}{subsection.7.8.3}% 139
\BOOKMARK [3][-]{subsubsection.7.8.3.6}{\376\377\0007\000.\0008\000.\0003\000.\0006\000\040\000s\000e\000t\000S\000p\000e\000c\000i\000f\000i\000c\000a\000t\000i\000o\000n\000s\000\050\000\051}{subsection.7.8.3}% 140
\BOOKMARK [3][-]{subsubsection.7.8.3.7}{\376\377\0007\000.\0008\000.\0003\000.\0007\000\040\000s\000p\000e\000c\000i\000f\000i\000c\000a\000t\000i\000o\000n\000s\000F\000o\000r\000m\000\050\000\051}{subsection.7.8.3}% 141
\BOOKMARK [3][-]{subsubsection.7.8.3.8}{\376\377\0007\000.\0008\000.\0003\000.\0008\000\040\000t\000o\000H\000a\000s\000h\000\050\000\051}{subsection.7.8.3}% 142
\BOOKMARK [1][-]{section.7.9}{\376\377\0007\000.\0009\000\040\000D\000i\000a\000g\000r\000a\000m\000I\000t\000e\000m\000\040\000C\000l\000a\000s\000s\000\040\000R\000e\000f\000e\000r\000e\000n\000c\000e}{chapter.7}% 143
\BOOKMARK [2][-]{subsection.7.9.1}{\376\377\0007\000.\0009\000.\0001\000\040\000D\000e\000t\000a\000i\000l\000e\000d\000\040\000D\000e\000s\000c\000r\000i\000p\000t\000i\000o\000n}{section.7.9}% 144
\BOOKMARK [2][-]{subsection.7.9.2}{\376\377\0007\000.\0009\000.\0002\000\040\000C\000o\000n\000s\000t\000r\000u\000c\000t\000o\000r\000\040\000\046\000\040\000D\000e\000s\000t\000r\000u\000c\000t\000o\000r\000\040\000D\000o\000c\000u\000m\000e\000n\000t\000a\000t\000i\000o\000n}{section.7.9}% 145
\BOOKMARK [3][-]{subsubsection.7.9.2.1}{\376\377\0007\000.\0009\000.\0002\000.\0001\000\040\000D\000i\000a\000g\000r\000a\000m\000I\000t\000e\000m\000\050\000\051}{subsection.7.9.2}% 146
\BOOKMARK [2][-]{subsection.7.9.3}{\376\377\0007\000.\0009\000.\0003\000\040\000M\000e\000m\000b\000e\000r\000\040\000F\000u\000n\000c\000t\000i\000o\000n\000\040\000D\000o\000c\000u\000m\000e\000n\000t\000a\000t\000i\000o\000n}{section.7.9}% 147
\BOOKMARK [3][-]{subsubsection.7.9.3.1}{\376\377\0007\000.\0009\000.\0003\000.\0001\000\040\000c\000e\000n\000t\000e\000r\000O\000f\000f\000s\000e\000t\000\050\000\051}{subsection.7.9.3}% 148
\BOOKMARK [3][-]{subsubsection.7.9.3.2}{\376\377\0007\000.\0009\000.\0003\000.\0002\000\040\000c\000o\000m\000p\000o\000n\000e\000n\000t\000A\000t\000\050\000\051}{subsection.7.9.3}% 149
\BOOKMARK [3][-]{subsubsection.7.9.3.3}{\376\377\0007\000.\0009\000.\0003\000.\0003\000\040\000c\000o\000m\000p\000o\000n\000e\000n\000t\000B\000y\000I\000d\000\050\000\051}{subsection.7.9.3}% 150
\BOOKMARK [3][-]{subsubsection.7.9.3.4}{\376\377\0007\000.\0009\000.\0003\000.\0004\000\040\000c\000o\000m\000p\000o\000n\000e\000n\000t\000I\000d\000\050\000\051}{subsection.7.9.3}% 151
\BOOKMARK [3][-]{subsubsection.7.9.3.5}{\376\377\0007\000.\0009\000.\0003\000.\0005\000\040\000c\000o\000m\000p\000o\000n\000e\000n\000t\000T\000y\000p\000e\000M\000a\000t\000c\000h\000e\000s\000\050\000\051}{subsection.7.9.3}% 152
\BOOKMARK [3][-]{subsubsection.7.9.3.6}{\376\377\0007\000.\0009\000.\0003\000.\0006\000\040\000c\000o\000n\000n\000e\000c\000t\000C\000o\000m\000p\000o\000n\000e\000n\000t\000s\000\050\000\051}{subsection.7.9.3}% 153
\BOOKMARK [3][-]{subsubsection.7.9.3.7}{\376\377\0007\000.\0009\000.\0003\000.\0007\000\040\000d\000e\000f\000i\000n\000e\000d\000Z\000V\000a\000l\000u\000e\000\050\000\051}{subsection.7.9.3}% 154
\BOOKMARK [3][-]{subsubsection.7.9.3.8}{\376\377\0007\000.\0009\000.\0003\000.\0008\000\040\000i\000t\000e\000m\000C\000h\000a\000n\000g\000e\000\050\000\051}{subsection.7.9.3}% 155
\BOOKMARK [3][-]{subsubsection.7.9.3.9}{\376\377\0007\000.\0009\000.\0003\000.\0009\000\040\000i\000t\000e\000m\000I\000d\000\050\000\051}{subsection.7.9.3}% 156
\BOOKMARK [3][-]{subsubsection.7.9.3.10}{\376\377\0007\000.\0009\000.\0003\000.\0001\0000\000\040\000l\000o\000a\000d\000F\000r\000o\000m\000H\000a\000s\000h\000\050\000\051}{subsection.7.9.3}% 157
\BOOKMARK [3][-]{subsubsection.7.9.3.11}{\376\377\0007\000.\0009\000.\0003\000.\0001\0001\000\040\000s\000e\000t\000L\000o\000a\000d\000e\000d\000\050\000\051}{subsection.7.9.3}% 158
\BOOKMARK [3][-]{subsubsection.7.9.3.12}{\376\377\0007\000.\0009\000.\0003\000.\0001\0002\000\040\000s\000e\000t\000R\000e\000s\000i\000z\000e\000r\000E\000n\000a\000b\000l\000e\000d\000\050\000\051}{subsection.7.9.3}% 159
\BOOKMARK [3][-]{subsubsection.7.9.3.13}{\376\377\0007\000.\0009\000.\0003\000.\0001\0003\000\040\000s\000e\000t\000S\000h\000a\000d\000o\000w\000\050\000\051}{subsection.7.9.3}% 160
\BOOKMARK [3][-]{subsubsection.7.9.3.14}{\376\377\0007\000.\0009\000.\0003\000.\0001\0004\000\040\000s\000e\000t\000S\000p\000e\000c\000i\000f\000i\000c\000a\000t\000i\000o\000n\000s\000\050\000\051}{subsection.7.9.3}% 161
\BOOKMARK [3][-]{subsubsection.7.9.3.15}{\376\377\0007\000.\0009\000.\0003\000.\0001\0005\000\040\000s\000p\000e\000c\000i\000f\000i\000c\000a\000t\000i\000o\000n\000s\000F\000o\000r\000m\000\050\000\051}{subsection.7.9.3}% 162
\BOOKMARK [3][-]{subsubsection.7.9.3.16}{\376\377\0007\000.\0009\000.\0003\000.\0001\0006\000\040\000t\000o\000H\000a\000s\000h\000\050\000\051}{subsection.7.9.3}% 163
\BOOKMARK [3][-]{subsubsection.7.9.3.17}{\376\377\0007\000.\0009\000.\0003\000.\0001\0007\000\040\000u\000p\000d\000a\000t\000e\000G\000e\000o\000m\000e\000t\000r\000y\000\050\000\051}{subsection.7.9.3}% 164
\BOOKMARK [1][-]{section.7.10}{\376\377\0007\000.\0001\0000\000\040\000D\000i\000a\000g\000r\000a\000m\000R\000e\000s\000i\000z\000e\000r\000\040\000C\000l\000a\000s\000s\000\040\000R\000e\000f\000e\000r\000e\000n\000c\000e}{chapter.7}% 165
\BOOKMARK [2][-]{subsection.7.10.1}{\376\377\0007\000.\0001\0000\000.\0001\000\040\000D\000e\000t\000a\000i\000l\000e\000d\000\040\000D\000e\000s\000c\000r\000i\000p\000t\000i\000o\000n}{section.7.10}% 166
\BOOKMARK [2][-]{subsection.7.10.2}{\376\377\0007\000.\0001\0000\000.\0002\000\040\000C\000o\000n\000s\000t\000r\000u\000c\000t\000o\000r\000\040\000\046\000\040\000D\000e\000s\000t\000r\000u\000c\000t\000o\000r\000\040\000D\000o\000c\000u\000m\000e\000n\000t\000a\000t\000i\000o\000n}{section.7.10}% 167
\BOOKMARK [3][-]{subsubsection.7.10.2.1}{\376\377\0007\000.\0001\0000\000.\0002\000.\0001\000\040\000D\000i\000a\000g\000r\000a\000m\000R\000e\000s\000i\000z\000e\000r\000\050\000\051}{subsection.7.10.2}% 168
\BOOKMARK [2][-]{subsection.7.10.3}{\376\377\0007\000.\0001\0000\000.\0003\000\040\000M\000e\000m\000b\000e\000r\000\040\000F\000u\000n\000c\000t\000i\000o\000n\000\040\000D\000o\000c\000u\000m\000e\000n\000t\000a\000t\000i\000o\000n}{section.7.10}% 169
\BOOKMARK [3][-]{subsubsection.7.10.3.1}{\376\377\0007\000.\0001\0000\000.\0003\000.\0001\000\040\000i\000t\000e\000m\000C\000h\000a\000n\000g\000e\000\050\000\051}{subsection.7.10.3}% 170
\BOOKMARK [3][-]{subsubsection.7.10.3.2}{\376\377\0007\000.\0001\0000\000.\0003\000.\0002\000\040\000m\000o\000u\000s\000e\000M\000o\000v\000e\000E\000v\000e\000n\000t\000\050\000\051}{subsection.7.10.3}% 171
\BOOKMARK [3][-]{subsubsection.7.10.3.3}{\376\377\0007\000.\0001\0000\000.\0003\000.\0003\000\040\000m\000o\000u\000s\000e\000P\000r\000e\000s\000s\000E\000v\000e\000n\000t\000\050\000\051}{subsection.7.10.3}% 172
\BOOKMARK [3][-]{subsubsection.7.10.3.4}{\376\377\0007\000.\0001\0000\000.\0003\000.\0004\000\040\000m\000o\000u\000s\000e\000R\000e\000l\000e\000a\000s\000e\000E\000v\000e\000n\000t\000\050\000\051}{subsection.7.10.3}% 173
\BOOKMARK [3][-]{subsubsection.7.10.3.5}{\376\377\0007\000.\0001\0000\000.\0003\000.\0005\000\040\000s\000c\000e\000n\000e\000C\000e\000n\000t\000e\000r\000P\000o\000s\000\050\000\051}{subsection.7.10.3}% 174
\BOOKMARK [3][-]{subsubsection.7.10.3.6}{\376\377\0007\000.\0001\0000\000.\0003\000.\0006\000\040\000s\000e\000t\000S\000c\000e\000n\000e\000C\000e\000n\000t\000e\000r\000P\000o\000s\000\050\000\051}{subsection.7.10.3}% 175
\BOOKMARK [3][-]{subsubsection.7.10.3.7}{\376\377\0007\000.\0001\0000\000.\0003\000.\0007\000\040\000u\000p\000d\000a\000t\000e\000P\000a\000r\000e\000n\000t\000P\000o\000s\000i\000t\000i\000o\000n}{subsection.7.10.3}% 176
\BOOKMARK [2][-]{subsection.7.10.4}{\376\377\0007\000.\0001\0000\000.\0004\000\040\000M\000e\000m\000b\000e\000r\000\040\000D\000a\000t\000a\000\040\000D\000o\000c\000u\000m\000e\000n\000t\000a\000t\000i\000o\000n}{section.7.10}% 177
\BOOKMARK [3][-]{subsubsection.7.10.4.1}{\376\377\0007\000.\0001\0000\000.\0004\000.\0001\000\040\000p\000a\000r\000e\000n\000t\000C\000o\000m\000p\000o\000n\000e\000n\000t}{subsection.7.10.4}% 178
\BOOKMARK [1][-]{section.7.11}{\376\377\0007\000.\0001\0001\000\040\000D\000i\000a\000g\000r\000a\000m\000S\000p\000e\000c\000i\000f\000i\000c\000a\000t\000i\000o\000n\000\040\000C\000l\000a\000s\000s\000\040\000R\000e\000f\000e\000r\000e\000n\000c\000e}{chapter.7}% 179
\BOOKMARK [2][-]{subsection.7.11.1}{\376\377\0007\000.\0001\0001\000.\0001\000\040\000D\000e\000t\000a\000i\000l\000e\000d\000\040\000D\000e\000s\000c\000r\000i\000p\000t\000i\000o\000n}{section.7.11}% 180
\BOOKMARK [2][-]{subsection.7.11.2}{\376\377\0007\000.\0001\0001\000.\0002\000\040\000C\000o\000n\000s\000t\000r\000u\000c\000t\000o\000r\000\040\000\046\000\040\000D\000e\000s\000t\000r\000u\000c\000t\000o\000r\000\040\000D\000o\000c\000u\000m\000e\000n\000t\000a\000t\000i\000o\000n}{section.7.11}% 181
\BOOKMARK [3][-]{subsubsection.7.11.2.1}{\376\377\0007\000.\0001\0001\000.\0002\000.\0001\000\040\000D\000i\000a\000g\000r\000a\000m\000S\000p\000e\000c\000i\000f\000i\000c\000a\000t\000i\000o\000n\000\050\000\051}{subsection.7.11.2}% 182
\BOOKMARK [2][-]{subsection.7.11.3}{\376\377\0007\000.\0001\0001\000.\0003\000\040\000M\000e\000m\000b\000e\000r\000\040\000F\000u\000n\000c\000t\000i\000o\000n\000\040\000D\000o\000c\000u\000m\000e\000n\000t\000a\000t\000i\000o\000n}{section.7.11}% 183
\BOOKMARK [3][-]{subsubsection.7.11.3.1}{\376\377\0007\000.\0001\0001\000.\0003\000.\0001\000\040\000a\000p\000p\000l\000y\000F\000o\000r\000m\000R\000e\000s\000u\000l\000t\000s\000\050\000\051}{subsection.7.11.3}% 184
\BOOKMARK [3][-]{subsubsection.7.11.3.2}{\376\377\0007\000.\0001\0001\000.\0003\000.\0002\000\040\000f\000o\000r\000m\000\050\000\051}{subsection.7.11.3}% 185
\BOOKMARK [3][-]{subsubsection.7.11.3.3}{\376\377\0007\000.\0001\0001\000.\0003\000.\0003\000\040\000i\000t\000e\000m\000C\000h\000a\000n\000g\000e\000\050\000\051}{subsection.7.11.3}% 186
\BOOKMARK [3][-]{subsubsection.7.11.3.4}{\376\377\0007\000.\0001\0001\000.\0003\000.\0004\000\040\000l\000o\000a\000d\000F\000r\000o\000m\000H\000a\000s\000h\000\050\000\051}{subsection.7.11.3}% 187
\BOOKMARK [3][-]{subsubsection.7.11.3.5}{\376\377\0007\000.\0001\0001\000.\0003\000.\0005\000\040\000m\000o\000v\000i\000n\000g\000T\000r\000a\000n\000s\000l\000a\000t\000i\000o\000n\000\050\000\051}{subsection.7.11.3}% 188
\BOOKMARK [3][-]{subsubsection.7.11.3.6}{\376\377\0007\000.\0001\0001\000.\0003\000.\0006\000\040\000n\000a\000m\000e\000\050\000\051}{subsection.7.11.3}% 189
\BOOKMARK [3][-]{subsubsection.7.11.3.7}{\376\377\0007\000.\0001\0001\000.\0003\000.\0007\000\040\000t\000o\000H\000a\000s\000h\000\050\000\051}{subsection.7.11.3}% 190
\BOOKMARK [1][-]{section.7.12}{\376\377\0007\000.\0001\0002\000\040\000D\000i\000a\000g\000r\000a\000m\000T\000y\000p\000e\000\040\000C\000l\000a\000s\000s\000\040\000R\000e\000f\000e\000r\000e\000n\000c\000e}{chapter.7}% 191
\BOOKMARK [2][-]{subsection.7.12.1}{\376\377\0007\000.\0001\0002\000.\0001\000\040\000D\000e\000t\000a\000i\000l\000e\000d\000\040\000D\000e\000s\000c\000r\000i\000p\000t\000i\000o\000n}{section.7.12}% 192
\BOOKMARK [2][-]{subsection.7.12.2}{\376\377\0007\000.\0001\0002\000.\0002\000\040\000M\000e\000m\000b\000e\000r\000\040\000F\000u\000n\000c\000t\000i\000o\000n\000\040\000D\000o\000c\000u\000m\000e\000n\000t\000a\000t\000i\000o\000n}{section.7.12}% 193
\BOOKMARK [3][-]{subsubsection.7.12.2.1}{\376\377\0007\000.\0001\0002\000.\0002\000.\0001\000\040\000d\000i\000a\000g\000r\000a\000m\000I\000t\000e\000m\000s\000\050\000\051}{subsection.7.12.2}% 194
\BOOKMARK [3][-]{subsubsection.7.12.2.2}{\376\377\0007\000.\0001\0002\000.\0002\000.\0002\000\040\000l\000o\000a\000d\000F\000r\000o\000m\000H\000a\000s\000h\000\050\000\051}{subsection.7.12.2}% 195
\BOOKMARK [1][-]{section.7.13}{\376\377\0007\000.\0001\0003\000\040\000D\000i\000a\000g\000r\000a\000m\000T\000y\000p\000e\000G\000r\000o\000u\000p\000\040\000C\000l\000a\000s\000s\000\040\000R\000e\000f\000e\000r\000e\000n\000c\000e}{chapter.7}% 196
\BOOKMARK [2][-]{subsection.7.13.1}{\376\377\0007\000.\0001\0003\000.\0001\000\040\000D\000e\000t\000a\000i\000l\000e\000d\000\040\000D\000e\000s\000c\000r\000i\000p\000t\000i\000o\000n}{section.7.13}% 197
\BOOKMARK [2][-]{subsection.7.13.2}{\376\377\0007\000.\0001\0003\000.\0002\000\040\000M\000e\000m\000b\000e\000r\000\040\000F\000u\000n\000c\000t\000i\000o\000n\000\040\000D\000o\000c\000u\000m\000e\000n\000t\000a\000t\000i\000o\000n}{section.7.13}% 198
\BOOKMARK [3][-]{subsubsection.7.13.2.1}{\376\377\0007\000.\0001\0003\000.\0002\000.\0001\000\040\000d\000i\000a\000g\000r\000a\000m\000T\000y\000p\000e\000s\000\050\000\051}{subsection.7.13.2}% 199
\BOOKMARK [3][-]{subsubsection.7.13.2.2}{\376\377\0007\000.\0001\0003\000.\0002\000.\0002\000\040\000l\000o\000a\000d\000F\000r\000o\000m\000H\000a\000s\000h\000\050\000\051}{subsection.7.13.2}% 200
\BOOKMARK [1][-]{section.7.14}{\376\377\0007\000.\0001\0004\000\040\000E\000l\000e\000m\000e\000n\000t\000S\000p\000e\000c\000i\000f\000i\000c\000a\000t\000i\000o\000n\000s\000\040\000C\000l\000a\000s\000s\000\040\000R\000e\000f\000e\000r\000e\000n\000c\000e}{chapter.7}% 201
\BOOKMARK [2][-]{subsection.7.14.1}{\376\377\0007\000.\0001\0004\000.\0001\000\040\000D\000e\000t\000a\000i\000l\000e\000d\000\040\000D\000e\000s\000c\000r\000i\000p\000t\000i\000o\000n}{section.7.14}% 202
\BOOKMARK [2][-]{subsection.7.14.2}{\376\377\0007\000.\0001\0004\000.\0002\000\040\000M\000e\000m\000b\000e\000r\000\040\000E\000n\000u\000m\000e\000r\000a\000t\000i\000o\000n\000\040\000D\000o\000c\000u\000m\000e\000n\000t\000a\000t\000i\000o\000n}{section.7.14}% 203
\BOOKMARK [3][-]{subsubsection.7.14.2.1}{\376\377\0007\000.\0001\0004\000.\0002\000.\0001\000\040\000S\000p\000e\000c\000i\000f\000i\000c\000a\000t\000i\000o\000n\000P\000o\000s}{subsection.7.14.2}% 204
\BOOKMARK [2][-]{subsection.7.14.3}{\376\377\0007\000.\0001\0004\000.\0003\000\040\000C\000o\000n\000s\000t\000r\000u\000c\000t\000o\000r\000\040\000\046\000\040\000D\000e\000s\000t\000r\000u\000c\000t\000o\000r\000\040\000D\000o\000c\000u\000m\000e\000n\000t\000a\000t\000i\000o\000n}{section.7.14}% 205
\BOOKMARK [3][-]{subsubsection.7.14.3.1}{\376\377\0007\000.\0001\0004\000.\0003\000.\0001\000\040\000E\000l\000e\000m\000e\000n\000t\000S\000p\000e\000c\000i\000f\000i\000c\000a\000t\000i\000o\000n\000s\000\050\000\051}{subsection.7.14.3}% 206
\BOOKMARK [2][-]{subsection.7.14.4}{\376\377\0007\000.\0001\0004\000.\0004\000\040\000M\000e\000m\000b\000e\000r\000\040\000F\000u\000n\000c\000t\000i\000o\000n\000\040\000D\000o\000c\000u\000m\000e\000n\000t\000a\000t\000i\000o\000n}{section.7.14}% 207
\BOOKMARK [3][-]{subsubsection.7.14.4.1}{\376\377\0007\000.\0001\0004\000.\0004\000.\0001\000\040\000a\000p\000p\000l\000y\000F\000o\000r\000m\000R\000e\000s\000u\000l\000t\000s\000\050\000\051}{subsection.7.14.4}% 208
\BOOKMARK [3][-]{subsubsection.7.14.4.2}{\376\377\0007\000.\0001\0004\000.\0004\000.\0002\000\040\000l\000o\000a\000d\000F\000r\000o\000m\000H\000a\000s\000h\000\050\000\051}{subsection.7.14.4}% 209
\BOOKMARK [3][-]{subsubsection.7.14.4.3}{\376\377\0007\000.\0001\0004\000.\0004\000.\0003\000\040\000s\000i\000z\000e\000\050\000\051}{subsection.7.14.4}% 210
\BOOKMARK [3][-]{subsubsection.7.14.4.4}{\376\377\0007\000.\0001\0004\000.\0004\000.\0004\000\040\000s\000i\000z\000e\000C\000h\000a\000n\000g\000e\000d}{subsection.7.14.4}% 211
\BOOKMARK [3][-]{subsubsection.7.14.4.5}{\376\377\0007\000.\0001\0004\000.\0004\000.\0005\000\040\000t\000o\000H\000a\000s\000h\000\050\000\051}{subsection.7.14.4}% 212
\BOOKMARK [3][-]{subsubsection.7.14.4.6}{\376\377\0007\000.\0001\0004\000.\0004\000.\0006\000\040\000u\000p\000d\000a\000t\000e\000S\000p\000e\000c\000i\000f\000i\000c\000a\000t\000i\000o\000n\000s\000P\000o\000s\000\050\000\051}{subsection.7.14.4}% 213
\BOOKMARK [1][-]{section.7.15}{\376\377\0007\000.\0001\0005\000\040\000J\000s\000o\000n\000F\000i\000l\000e\000\040\000C\000l\000a\000s\000s\000\040\000R\000e\000f\000e\000r\000e\000n\000c\000e}{chapter.7}% 214
\BOOKMARK [2][-]{subsection.7.15.1}{\376\377\0007\000.\0001\0005\000.\0001\000\040\000D\000e\000t\000a\000i\000l\000e\000d\000\040\000D\000e\000s\000c\000r\000i\000p\000t\000i\000o\000n}{section.7.15}% 215
\BOOKMARK [2][-]{subsection.7.15.2}{\376\377\0007\000.\0001\0005\000.\0002\000\040\000C\000o\000n\000s\000t\000r\000u\000c\000t\000o\000r\000\040\000\046\000\040\000D\000e\000s\000t\000r\000u\000c\000t\000o\000r\000\040\000D\000o\000c\000u\000m\000e\000n\000t\000a\000t\000i\000o\000n}{section.7.15}% 216
\BOOKMARK [3][-]{subsubsection.7.15.2.1}{\376\377\0007\000.\0001\0005\000.\0002\000.\0001\000\040\000J\000s\000o\000n\000F\000i\000l\000e\000\050\000\051}{subsection.7.15.2}% 217
\BOOKMARK [2][-]{subsection.7.15.3}{\376\377\0007\000.\0001\0005\000.\0003\000\040\000M\000e\000m\000b\000e\000r\000\040\000F\000u\000n\000c\000t\000i\000o\000n\000\040\000D\000o\000c\000u\000m\000e\000n\000t\000a\000t\000i\000o\000n}{section.7.15}% 218
\BOOKMARK [3][-]{subsubsection.7.15.3.1}{\376\377\0007\000.\0001\0005\000.\0003\000.\0001\000\040\000h\000a\000s\000h\000F\000o\000r\000K\000e\000y\000\050\000\051}{subsection.7.15.3}% 219
\BOOKMARK [3][-]{subsubsection.7.15.3.2}{\376\377\0007\000.\0001\0005\000.\0003\000.\0002\000\040\000h\000a\000s\000h\000T\000o\000T\000e\000x\000t\000\050\000\051}{subsection.7.15.3}% 220
\BOOKMARK [3][-]{subsubsection.7.15.3.3}{\376\377\0007\000.\0001\0005\000.\0003\000.\0003\000\040\000l\000o\000a\000d\000\050\000\051}{subsection.7.15.3}% 221
\BOOKMARK [3][-]{subsubsection.7.15.3.4}{\376\377\0007\000.\0001\0005\000.\0003\000.\0004\000\040\000t\000e\000x\000t\000T\000o\000H\000a\000s\000h\000\050\000\051}{subsection.7.15.3}% 222
\BOOKMARK [1][-]{section.7.16}{\376\377\0007\000.\0001\0006\000\040\000J\000s\000o\000n\000S\000e\000r\000i\000a\000l\000i\000z\000a\000b\000l\000e\000\040\000C\000l\000a\000s\000s\000\040\000R\000e\000f\000e\000r\000e\000n\000c\000e}{chapter.7}% 223
\BOOKMARK [2][-]{subsection.7.16.1}{\376\377\0007\000.\0001\0006\000.\0001\000\040\000D\000e\000t\000a\000i\000l\000e\000d\000\040\000D\000e\000s\000c\000r\000i\000p\000t\000i\000o\000n}{section.7.16}% 224
\BOOKMARK [2][-]{subsection.7.16.2}{\376\377\0007\000.\0001\0006\000.\0002\000\040\000C\000o\000n\000s\000t\000r\000u\000c\000t\000o\000r\000\040\000\046\000\040\000D\000e\000s\000t\000r\000u\000c\000t\000o\000r\000\040\000D\000o\000c\000u\000m\000e\000n\000t\000a\000t\000i\000o\000n}{section.7.16}% 225
\BOOKMARK [3][-]{subsubsection.7.16.2.1}{\376\377\0007\000.\0001\0006\000.\0002\000.\0001\000\040\000~\000J\000s\000o\000n\000S\000e\000r\000i\000a\000l\000i\000z\000a\000b\000l\000e\000\050\000\051}{subsection.7.16.2}% 226
\BOOKMARK [2][-]{subsection.7.16.3}{\376\377\0007\000.\0001\0006\000.\0003\000\040\000M\000e\000m\000b\000e\000r\000\040\000F\000u\000n\000c\000t\000i\000o\000n\000\040\000D\000o\000c\000u\000m\000e\000n\000t\000a\000t\000i\000o\000n}{section.7.16}% 227
\BOOKMARK [3][-]{subsubsection.7.16.3.1}{\376\377\0007\000.\0001\0006\000.\0003\000.\0001\000\040\000f\000i\000l\000t\000e\000r\000e\000d\000H\000a\000s\000h\000B\000y\000K\000e\000y\000s\000\050\000\051}{subsection.7.16.3}% 228
\BOOKMARK [3][-]{subsubsection.7.16.3.2}{\376\377\0007\000.\0001\0006\000.\0003\000.\0002\000\040\000l\000o\000a\000d\000F\000r\000o\000m\000H\000a\000s\000h\000\050\000\051}{subsection.7.16.3}% 229
\BOOKMARK [3][-]{subsubsection.7.16.3.3}{\376\377\0007\000.\0001\0006\000.\0003\000.\0003\000\040\000t\000o\000H\000a\000s\000h\000\050\000\051}{subsection.7.16.3}% 230
\BOOKMARK [1][-]{section.7.17}{\376\377\0007\000.\0001\0007\000\040\000L\000i\000s\000t\000S\000p\000e\000c\000i\000f\000i\000c\000a\000t\000i\000o\000n\000\040\000C\000l\000a\000s\000s\000\040\000R\000e\000f\000e\000r\000e\000n\000c\000e}{chapter.7}% 231
\BOOKMARK [2][-]{subsection.7.17.1}{\376\377\0007\000.\0001\0007\000.\0001\000\040\000D\000e\000t\000a\000i\000l\000e\000d\000\040\000D\000e\000s\000c\000r\000i\000p\000t\000i\000o\000n}{section.7.17}% 232
\BOOKMARK [2][-]{subsection.7.17.2}{\376\377\0007\000.\0001\0007\000.\0002\000\040\000C\000o\000n\000s\000t\000r\000u\000c\000t\000o\000r\000\040\000\046\000\040\000D\000e\000s\000t\000r\000u\000c\000t\000o\000r\000\040\000D\000o\000c\000u\000m\000e\000n\000t\000a\000t\000i\000o\000n}{section.7.17}% 233
\BOOKMARK [3][-]{subsubsection.7.17.2.1}{\376\377\0007\000.\0001\0007\000.\0002\000.\0001\000\040\000L\000i\000s\000t\000S\000p\000e\000c\000i\000f\000i\000c\000a\000t\000i\000o\000n\000\050\000\051}{subsection.7.17.2}% 234
\BOOKMARK [2][-]{subsection.7.17.3}{\376\377\0007\000.\0001\0007\000.\0003\000\040\000M\000e\000m\000b\000e\000r\000\040\000F\000u\000n\000c\000t\000i\000o\000n\000\040\000D\000o\000c\000u\000m\000e\000n\000t\000a\000t\000i\000o\000n}{section.7.17}% 235
\BOOKMARK [3][-]{subsubsection.7.17.3.1}{\376\377\0007\000.\0001\0007\000.\0003\000.\0001\000\040\000f\000o\000r\000m\000\050\000\051}{subsection.7.17.3}% 236
\BOOKMARK [3][-]{subsubsection.7.17.3.2}{\376\377\0007\000.\0001\0007\000.\0003\000.\0002\000\040\000l\000o\000a\000d\000F\000r\000o\000m\000H\000a\000s\000h\000\050\000\051}{subsection.7.17.3}% 237
\BOOKMARK [3][-]{subsubsection.7.17.3.3}{\376\377\0007\000.\0001\0007\000.\0003\000.\0003\000\040\000t\000o\000H\000a\000s\000h\000\050\000\051}{subsection.7.17.3}% 238
\BOOKMARK [1][-]{section.7.18}{\376\377\0007\000.\0001\0008\000\040\000L\000o\000n\000g\000T\000e\000x\000t\000S\000p\000e\000c\000i\000f\000i\000c\000a\000t\000i\000o\000n\000\040\000C\000l\000a\000s\000s\000\040\000R\000e\000f\000e\000r\000e\000n\000c\000e}{chapter.7}% 239
\BOOKMARK [2][-]{subsection.7.18.1}{\376\377\0007\000.\0001\0008\000.\0001\000\040\000D\000e\000t\000a\000i\000l\000e\000d\000\040\000D\000e\000s\000c\000r\000i\000p\000t\000i\000o\000n}{section.7.18}% 240
\BOOKMARK [2][-]{subsection.7.18.2}{\376\377\0007\000.\0001\0008\000.\0002\000\040\000C\000o\000n\000s\000t\000r\000u\000c\000t\000o\000r\000\040\000\046\000\040\000D\000e\000s\000t\000r\000u\000c\000t\000o\000r\000\040\000D\000o\000c\000u\000m\000e\000n\000t\000a\000t\000i\000o\000n}{section.7.18}% 241
\BOOKMARK [3][-]{subsubsection.7.18.2.1}{\376\377\0007\000.\0001\0008\000.\0002\000.\0001\000\040\000L\000o\000n\000g\000T\000e\000x\000t\000S\000p\000e\000c\000i\000f\000i\000c\000a\000t\000i\000o\000n\000\050\000\051}{subsection.7.18.2}% 242
\BOOKMARK [2][-]{subsection.7.18.3}{\376\377\0007\000.\0001\0008\000.\0003\000\040\000M\000e\000m\000b\000e\000r\000\040\000F\000u\000n\000c\000t\000i\000o\000n\000\040\000D\000o\000c\000u\000m\000e\000n\000t\000a\000t\000i\000o\000n}{section.7.18}% 243
\BOOKMARK [3][-]{subsubsection.7.18.3.1}{\376\377\0007\000.\0001\0008\000.\0003\000.\0001\000\040\000f\000o\000r\000m\000\050\000\051}{subsection.7.18.3}% 244
\BOOKMARK [1][-]{section.7.19}{\376\377\0007\000.\0001\0009\000\040\000M\000a\000i\000n\000W\000i\000n\000d\000o\000w\000\040\000C\000l\000a\000s\000s\000\040\000R\000e\000f\000e\000r\000e\000n\000c\000e}{chapter.7}% 245
\BOOKMARK [2][-]{subsection.7.19.1}{\376\377\0007\000.\0001\0009\000.\0001\000\040\000D\000e\000t\000a\000i\000l\000e\000d\000\040\000D\000e\000s\000c\000r\000i\000p\000t\000i\000o\000n}{section.7.19}% 246
\BOOKMARK [2][-]{subsection.7.19.2}{\376\377\0007\000.\0001\0009\000.\0002\000\040\000C\000o\000n\000s\000t\000r\000u\000c\000t\000o\000r\000\040\000\046\000\040\000D\000e\000s\000t\000r\000u\000c\000t\000o\000r\000\040\000D\000o\000c\000u\000m\000e\000n\000t\000a\000t\000i\000o\000n}{section.7.19}% 247
\BOOKMARK [3][-]{subsubsection.7.19.2.1}{\376\377\0007\000.\0001\0009\000.\0002\000.\0001\000\040\000M\000a\000i\000n\000W\000i\000n\000d\000o\000w\000\050\000\051}{subsection.7.19.2}% 248
\BOOKMARK [3][-]{subsubsection.7.19.2.2}{\376\377\0007\000.\0001\0009\000.\0002\000.\0002\000\040\000~\000M\000a\000i\000n\000W\000i\000n\000d\000o\000w\000\050\000\051}{subsection.7.19.2}% 249
\BOOKMARK [1][-]{section.7.20}{\376\377\0007\000.\0002\0000\000\040\000S\000c\000r\000o\000l\000l\000a\000b\000l\000e\000D\000a\000t\000a\000B\000u\000t\000t\000o\000n\000s\000S\000e\000l\000e\000c\000t\000o\000r\000\040\000C\000l\000a\000s\000s\000\040\000R\000e\000f\000e\000r\000e\000n\000c\000e}{chapter.7}% 250
\BOOKMARK [2][-]{subsection.7.20.1}{\376\377\0007\000.\0002\0000\000.\0001\000\040\000D\000e\000t\000a\000i\000l\000e\000d\000\040\000D\000e\000s\000c\000r\000i\000p\000t\000i\000o\000n}{section.7.20}% 251
\BOOKMARK [2][-]{subsection.7.20.2}{\376\377\0007\000.\0002\0000\000.\0002\000\040\000C\000o\000n\000s\000t\000r\000u\000c\000t\000o\000r\000\040\000\046\000\040\000D\000e\000s\000t\000r\000u\000c\000t\000o\000r\000\040\000D\000o\000c\000u\000m\000e\000n\000t\000a\000t\000i\000o\000n}{section.7.20}% 252
\BOOKMARK [3][-]{subsubsection.7.20.2.1}{\376\377\0007\000.\0002\0000\000.\0002\000.\0001\000\040\000S\000c\000r\000o\000l\000l\000a\000b\000l\000e\000D\000a\000t\000a\000B\000u\000t\000t\000o\000n\000s\000S\000e\000l\000e\000c\000t\000o\000r\000\050\000\051\000\040\000[\0001\000/\0002\000]}{subsection.7.20.2}% 253
\BOOKMARK [3][-]{subsubsection.7.20.2.2}{\376\377\0007\000.\0002\0000\000.\0002\000.\0002\000\040\000S\000c\000r\000o\000l\000l\000a\000b\000l\000e\000D\000a\000t\000a\000B\000u\000t\000t\000o\000n\000s\000S\000e\000l\000e\000c\000t\000o\000r\000\050\000\051\000\040\000[\0002\000/\0002\000]}{subsection.7.20.2}% 254
\BOOKMARK [2][-]{subsection.7.20.3}{\376\377\0007\000.\0002\0000\000.\0003\000\040\000M\000e\000m\000b\000e\000r\000\040\000F\000u\000n\000c\000t\000i\000o\000n\000\040\000D\000o\000c\000u\000m\000e\000n\000t\000a\000t\000i\000o\000n}{section.7.20}% 255
\BOOKMARK [3][-]{subsubsection.7.20.3.1}{\376\377\0007\000.\0002\0000\000.\0003\000.\0001\000\040\000a\000d\000d\000B\000u\000t\000t\000o\000n\000s\000\050\000\051}{subsection.7.20.3}% 256
\BOOKMARK [3][-]{subsubsection.7.20.3.2}{\376\377\0007\000.\0002\0000\000.\0003\000.\0002\000\040\000c\000l\000e\000a\000r\000\050\000\051}{subsection.7.20.3}% 257
\BOOKMARK [3][-]{subsubsection.7.20.3.3}{\376\377\0007\000.\0002\0000\000.\0003\000.\0003\000\040\000s\000e\000l\000e\000c\000t\000e\000d\000B\000u\000t\000t\000o\000n\000D\000a\000t\000a\000\050\000\051}{subsection.7.20.3}% 258
\BOOKMARK [3][-]{subsubsection.7.20.3.4}{\376\377\0007\000.\0002\0000\000.\0003\000.\0004\000\040\000s\000e\000l\000e\000c\000t\000i\000o\000n\000C\000h\000a\000n\000g\000e\000d}{subsection.7.20.3}% 259
\BOOKMARK [1][-]{section.7.21}{\376\377\0007\000.\0002\0001\000\040\000S\000e\000l\000e\000c\000t\000a\000b\000l\000e\000D\000a\000t\000a\000B\000u\000t\000t\000o\000n\000\040\000C\000l\000a\000s\000s\000\040\000R\000e\000f\000e\000r\000e\000n\000c\000e}{chapter.7}% 260
\BOOKMARK [2][-]{subsection.7.21.1}{\376\377\0007\000.\0002\0001\000.\0001\000\040\000D\000e\000t\000a\000i\000l\000e\000d\000\040\000D\000e\000s\000c\000r\000i\000p\000t\000i\000o\000n}{section.7.21}% 261
\BOOKMARK [2][-]{subsection.7.21.2}{\376\377\0007\000.\0002\0001\000.\0002\000\040\000C\000o\000n\000s\000t\000r\000u\000c\000t\000o\000r\000\040\000\046\000\040\000D\000e\000s\000t\000r\000u\000c\000t\000o\000r\000\040\000D\000o\000c\000u\000m\000e\000n\000t\000a\000t\000i\000o\000n}{section.7.21}% 262
\BOOKMARK [3][-]{subsubsection.7.21.2.1}{\376\377\0007\000.\0002\0001\000.\0002\000.\0001\000\040\000S\000e\000l\000e\000c\000t\000a\000b\000l\000e\000D\000a\000t\000a\000B\000u\000t\000t\000o\000n\000\050\000\051}{subsection.7.21.2}% 263
\BOOKMARK [2][-]{subsection.7.21.3}{\376\377\0007\000.\0002\0001\000.\0003\000\040\000M\000e\000m\000b\000e\000r\000\040\000F\000u\000n\000c\000t\000i\000o\000n\000\040\000D\000o\000c\000u\000m\000e\000n\000t\000a\000t\000i\000o\000n}{section.7.21}% 264
\BOOKMARK [3][-]{subsubsection.7.21.3.1}{\376\377\0007\000.\0002\0001\000.\0003\000.\0001\000\040\000d\000a\000t\000a\000\050\000\051}{subsection.7.21.3}% 265
\BOOKMARK [3][-]{subsubsection.7.21.3.2}{\376\377\0007\000.\0002\0001\000.\0003\000.\0002\000\040\000l\000e\000f\000t\000I\000c\000o\000n\000B\000u\000t\000t\000o\000n\000\050\000\051}{subsection.7.21.3}% 266
\BOOKMARK [3][-]{subsubsection.7.21.3.3}{\376\377\0007\000.\0002\0001\000.\0003\000.\0003\000\040\000l\000o\000a\000d\000F\000r\000o\000m\000H\000a\000s\000h\000\050\000\051}{subsection.7.21.3}% 267
\BOOKMARK [3][-]{subsubsection.7.21.3.4}{\376\377\0007\000.\0002\0001\000.\0003\000.\0004\000\040\000u\000p\000p\000e\000r\000I\000c\000o\000n\000B\000u\000t\000t\000o\000n\000\050\000\051}{subsection.7.21.3}% 268
\BOOKMARK [2][-]{subsection.7.21.4}{\376\377\0007\000.\0002\0001\000.\0004\000\040\000M\000e\000m\000b\000e\000r\000\040\000D\000a\000t\000a\000\040\000D\000o\000c\000u\000m\000e\000n\000t\000a\000t\000i\000o\000n}{section.7.21}% 269
\BOOKMARK [3][-]{subsubsection.7.21.4.1}{\376\377\0007\000.\0002\0001\000.\0004\000.\0001\000\040\000S\000T\000Y\000L\000E\000\137\000S\000H\000E\000E\000T}{subsection.7.21.4}% 270
\BOOKMARK [1][-]{section.7.22}{\376\377\0007\000.\0002\0002\000\040\000S\000e\000l\000e\000c\000t\000a\000b\000l\000e\000S\000p\000e\000c\000i\000f\000i\000c\000a\000t\000i\000o\000n\000\040\000C\000l\000a\000s\000s\000\040\000R\000e\000f\000e\000r\000e\000n\000c\000e}{chapter.7}% 271
\BOOKMARK [2][-]{subsection.7.22.1}{\376\377\0007\000.\0002\0002\000.\0001\000\040\000D\000e\000t\000a\000i\000l\000e\000d\000\040\000D\000e\000s\000c\000r\000i\000p\000t\000i\000o\000n}{section.7.22}% 272
\BOOKMARK [2][-]{subsection.7.22.2}{\376\377\0007\000.\0002\0002\000.\0002\000\040\000C\000o\000n\000s\000t\000r\000u\000c\000t\000o\000r\000\040\000\046\000\040\000D\000e\000s\000t\000r\000u\000c\000t\000o\000r\000\040\000D\000o\000c\000u\000m\000e\000n\000t\000a\000t\000i\000o\000n}{section.7.22}% 273
\BOOKMARK [3][-]{subsubsection.7.22.2.1}{\376\377\0007\000.\0002\0002\000.\0002\000.\0001\000\040\000S\000e\000l\000e\000c\000t\000a\000b\000l\000e\000S\000p\000e\000c\000i\000f\000i\000c\000a\000t\000i\000o\000n\000\050\000\051}{subsection.7.22.2}% 274
\BOOKMARK [2][-]{subsection.7.22.3}{\376\377\0007\000.\0002\0002\000.\0003\000\040\000M\000e\000m\000b\000e\000r\000\040\000F\000u\000n\000c\000t\000i\000o\000n\000\040\000D\000o\000c\000u\000m\000e\000n\000t\000a\000t\000i\000o\000n}{section.7.22}% 275
\BOOKMARK [3][-]{subsubsection.7.22.3.1}{\376\377\0007\000.\0002\0002\000.\0003\000.\0001\000\040\000f\000o\000r\000m\000\050\000\051}{subsection.7.22.3}% 276
\BOOKMARK [3][-]{subsubsection.7.22.3.2}{\376\377\0007\000.\0002\0002\000.\0003\000.\0002\000\040\000l\000o\000a\000d\000F\000r\000o\000m\000H\000a\000s\000h\000\050\000\051}{subsection.7.22.3}% 277
\BOOKMARK [3][-]{subsubsection.7.22.3.3}{\376\377\0007\000.\0002\0002\000.\0003\000.\0003\000\040\000t\000o\000H\000a\000s\000h\000\050\000\051}{subsection.7.22.3}% 278
\BOOKMARK [1][-]{section.7.23}{\376\377\0007\000.\0002\0003\000\040\000S\000h\000o\000r\000t\000T\000e\000x\000t\000S\000p\000e\000c\000i\000f\000i\000c\000a\000t\000i\000o\000n\000\040\000C\000l\000a\000s\000s\000\040\000R\000e\000f\000e\000r\000e\000n\000c\000e}{chapter.7}% 279
\BOOKMARK [2][-]{subsection.7.23.1}{\376\377\0007\000.\0002\0003\000.\0001\000\040\000D\000e\000t\000a\000i\000l\000e\000d\000\040\000D\000e\000s\000c\000r\000i\000p\000t\000i\000o\000n}{section.7.23}% 280
\BOOKMARK [2][-]{subsection.7.23.2}{\376\377\0007\000.\0002\0003\000.\0002\000\040\000C\000o\000n\000s\000t\000r\000u\000c\000t\000o\000r\000\040\000\046\000\040\000D\000e\000s\000t\000r\000u\000c\000t\000o\000r\000\040\000D\000o\000c\000u\000m\000e\000n\000t\000a\000t\000i\000o\000n}{section.7.23}% 281
\BOOKMARK [3][-]{subsubsection.7.23.2.1}{\376\377\0007\000.\0002\0003\000.\0002\000.\0001\000\040\000S\000h\000o\000r\000t\000T\000e\000x\000t\000S\000p\000e\000c\000i\000f\000i\000c\000a\000t\000i\000o\000n\000\050\000\051}{subsection.7.23.2}% 282
\BOOKMARK [2][-]{subsection.7.23.3}{\376\377\0007\000.\0002\0003\000.\0003\000\040\000M\000e\000m\000b\000e\000r\000\040\000F\000u\000n\000c\000t\000i\000o\000n\000\040\000D\000o\000c\000u\000m\000e\000n\000t\000a\000t\000i\000o\000n}{section.7.23}% 283
\BOOKMARK [3][-]{subsubsection.7.23.3.1}{\376\377\0007\000.\0002\0003\000.\0003\000.\0001\000\040\000f\000o\000r\000m\000\050\000\051}{subsection.7.23.3}% 284
\BOOKMARK [1][-]{section.7.24}{\376\377\0007\000.\0002\0004\000\040\000S\000p\000e\000c\000i\000f\000i\000c\000a\000t\000i\000o\000n\000s\000F\000o\000r\000m\000\040\000C\000l\000a\000s\000s\000\040\000R\000e\000f\000e\000r\000e\000n\000c\000e}{chapter.7}% 285
\BOOKMARK [2][-]{subsection.7.24.1}{\376\377\0007\000.\0002\0004\000.\0001\000\040\000D\000e\000t\000a\000i\000l\000e\000d\000\040\000D\000e\000s\000c\000r\000i\000p\000t\000i\000o\000n}{section.7.24}% 286
\BOOKMARK [2][-]{subsection.7.24.2}{\376\377\0007\000.\0002\0004\000.\0002\000\040\000C\000o\000n\000s\000t\000r\000u\000c\000t\000o\000r\000\040\000\046\000\040\000D\000e\000s\000t\000r\000u\000c\000t\000o\000r\000\040\000D\000o\000c\000u\000m\000e\000n\000t\000a\000t\000i\000o\000n}{section.7.24}% 287
\BOOKMARK [3][-]{subsubsection.7.24.2.1}{\376\377\0007\000.\0002\0004\000.\0002\000.\0001\000\040\000S\000p\000e\000c\000i\000f\000i\000c\000a\000t\000i\000o\000n\000s\000F\000o\000r\000m\000\050\000\051}{subsection.7.24.2}% 288
\BOOKMARK [2][-]{subsection.7.24.3}{\376\377\0007\000.\0002\0004\000.\0003\000\040\000M\000e\000m\000b\000e\000r\000\040\000F\000u\000n\000c\000t\000i\000o\000n\000\040\000D\000o\000c\000u\000m\000e\000n\000t\000a\000t\000i\000o\000n}{section.7.24}% 289
\BOOKMARK [3][-]{subsubsection.7.24.3.1}{\376\377\0007\000.\0002\0004\000.\0003\000.\0001\000\040\000a\000p\000p\000e\000n\000d\000F\000i\000e\000l\000d\000\050\000\051}{subsection.7.24.3}% 290
\BOOKMARK [3][-]{subsubsection.7.24.3.2}{\376\377\0007\000.\0002\0004\000.\0003\000.\0002\000\040\000a\000p\000p\000e\000n\000d\000F\000o\000r\000m\000\050\000\051}{subsection.7.24.3}% 291
\BOOKMARK [3][-]{subsubsection.7.24.3.3}{\376\377\0007\000.\0002\0004\000.\0003\000.\0003\000\040\000f\000i\000e\000l\000d\000C\000o\000u\000n\000t\000\050\000\051}{subsection.7.24.3}% 292
\BOOKMARK [3][-]{subsubsection.7.24.3.4}{\376\377\0007\000.\0002\0004\000.\0003\000.\0004\000\040\000f\000i\000e\000l\000d\000R\000e\000s\000u\000l\000t\000s\000\050\000\051}{subsection.7.24.3}% 293
\BOOKMARK [3][-]{subsubsection.7.24.3.5}{\376\377\0007\000.\0002\0004\000.\0003\000.\0005\000\040\000f\000o\000r\000m\000C\000o\000u\000n\000t\000\050\000\051}{subsection.7.24.3}% 294
\BOOKMARK [1][-]{section.7.25}{\376\377\0007\000.\0002\0005\000\040\000S\000p\000e\000c\000i\000f\000i\000c\000a\000t\000i\000o\000n\000s\000G\000r\000o\000u\000p\000\040\000C\000l\000a\000s\000s\000\040\000R\000e\000f\000e\000r\000e\000n\000c\000e}{chapter.7}% 295
\BOOKMARK [2][-]{subsection.7.25.1}{\376\377\0007\000.\0002\0005\000.\0001\000\040\000D\000e\000t\000a\000i\000l\000e\000d\000\040\000D\000e\000s\000c\000r\000i\000p\000t\000i\000o\000n}{section.7.25}% 296
\BOOKMARK [2][-]{subsection.7.25.2}{\376\377\0007\000.\0002\0005\000.\0002\000\040\000C\000o\000n\000s\000t\000r\000u\000c\000t\000o\000r\000\040\000\046\000\040\000D\000e\000s\000t\000r\000u\000c\000t\000o\000r\000\040\000D\000o\000c\000u\000m\000e\000n\000t\000a\000t\000i\000o\000n}{section.7.25}% 297
\BOOKMARK [3][-]{subsubsection.7.25.2.1}{\376\377\0007\000.\0002\0005\000.\0002\000.\0001\000\040\000S\000p\000e\000c\000i\000f\000i\000c\000a\000t\000i\000o\000n\000s\000G\000r\000o\000u\000p\000\050\000\051}{subsection.7.25.2}% 298
\BOOKMARK [3][-]{subsubsection.7.25.2.2}{\376\377\0007\000.\0002\0005\000.\0002\000.\0002\000\040\000~\000S\000p\000e\000c\000i\000f\000i\000c\000a\000t\000i\000o\000n\000s\000G\000r\000o\000u\000p\000\050\000\051}{subsection.7.25.2}% 299
\BOOKMARK [2][-]{subsection.7.25.3}{\376\377\0007\000.\0002\0005\000.\0003\000\040\000M\000e\000m\000b\000e\000r\000\040\000F\000u\000n\000c\000t\000i\000o\000n\000\040\000D\000o\000c\000u\000m\000e\000n\000t\000a\000t\000i\000o\000n}{section.7.25}% 300
\BOOKMARK [3][-]{subsubsection.7.25.3.1}{\376\377\0007\000.\0002\0005\000.\0003\000.\0001\000\040\000a\000p\000p\000l\000y\000F\000o\000r\000m\000R\000e\000s\000u\000l\000t\000s\000\050\000\051}{subsection.7.25.3}% 301
\BOOKMARK [3][-]{subsubsection.7.25.3.2}{\376\377\0007\000.\0002\0005\000.\0003\000.\0002\000\040\000c\000l\000e\000a\000r\000\050\000\051}{subsection.7.25.3}% 302
\BOOKMARK [3][-]{subsubsection.7.25.3.3}{\376\377\0007\000.\0002\0005\000.\0003\000.\0003\000\040\000f\000o\000r\000m\000\050\000\051}{subsection.7.25.3}% 303
\BOOKMARK [3][-]{subsubsection.7.25.3.4}{\376\377\0007\000.\0002\0005\000.\0003\000.\0004\000\040\000l\000o\000a\000d\000F\000r\000o\000m\000H\000a\000s\000h\000\050\000\051}{subsection.7.25.3}% 304
\BOOKMARK [3][-]{subsubsection.7.25.3.5}{\376\377\0007\000.\0002\0005\000.\0003\000.\0005\000\040\000s\000p\000e\000c\000i\000f\000i\000c\000a\000t\000i\000o\000n\000F\000r\000o\000m\000T\000y\000p\000e\000N\000a\000m\000e\000\050\000\051}{subsection.7.25.3}% 305
\BOOKMARK [3][-]{subsubsection.7.25.3.6}{\376\377\0007\000.\0002\0005\000.\0003\000.\0006\000\040\000t\000o\000H\000a\000s\000h\000\050\000\051}{subsection.7.25.3}% 306
\BOOKMARK [3][-]{subsubsection.7.25.3.7}{\376\377\0007\000.\0002\0005\000.\0003\000.\0007\000\040\000t\000y\000p\000e\000N\000a\000m\000e\000F\000r\000o\000m\000S\000p\000e\000c\000i\000f\000i\000c\000a\000t\000i\000o\000n\000\050\000\051}{subsection.7.25.3}% 307
\BOOKMARK [2][-]{subsection.7.25.4}{\376\377\0007\000.\0002\0005\000.\0004\000\040\000M\000e\000m\000b\000e\000r\000\040\000D\000a\000t\000a\000\040\000D\000o\000c\000u\000m\000e\000n\000t\000a\000t\000i\000o\000n}{section.7.25}% 308
\BOOKMARK [3][-]{subsubsection.7.25.4.1}{\376\377\0007\000.\0002\0005\000.\0004\000.\0001\000\040\000d\000i\000a\000g\000r\000a\000m\000C\000o\000m\000p\000o\000n\000e\000n\000t}{subsection.7.25.4}% 309
\BOOKMARK [1][-]{section.7.26}{\376\377\0007\000.\0002\0006\000\040\000W\000i\000z\000a\000r\000d\000\040\000C\000l\000a\000s\000s\000\040\000R\000e\000f\000e\000r\000e\000n\000c\000e}{chapter.7}% 310
\BOOKMARK [2][-]{subsection.7.26.1}{\376\377\0007\000.\0002\0006\000.\0001\000\040\000D\000e\000t\000a\000i\000l\000e\000d\000\040\000D\000e\000s\000c\000r\000i\000p\000t\000i\000o\000n}{section.7.26}% 311
\BOOKMARK [2][-]{subsection.7.26.2}{\376\377\0007\000.\0002\0006\000.\0002\000\040\000C\000o\000n\000s\000t\000r\000u\000c\000t\000o\000r\000\040\000\046\000\040\000D\000e\000s\000t\000r\000u\000c\000t\000o\000r\000\040\000D\000o\000c\000u\000m\000e\000n\000t\000a\000t\000i\000o\000n}{section.7.26}% 312
\BOOKMARK [3][-]{subsubsection.7.26.2.1}{\376\377\0007\000.\0002\0006\000.\0002\000.\0001\000\040\000W\000i\000z\000a\000r\000d\000\050\000\051}{subsection.7.26.2}% 313
\BOOKMARK [3][-]{subsubsection.7.26.2.2}{\376\377\0007\000.\0002\0006\000.\0002\000.\0002\000\040\000~\000W\000i\000z\000a\000r\000d\000\050\000\051}{subsection.7.26.2}% 314
\BOOKMARK [2][-]{subsection.7.26.3}{\376\377\0007\000.\0002\0006\000.\0003\000\040\000M\000e\000m\000b\000e\000r\000\040\000F\000u\000n\000c\000t\000i\000o\000n\000\040\000D\000o\000c\000u\000m\000e\000n\000t\000a\000t\000i\000o\000n}{section.7.26}% 315
\BOOKMARK [3][-]{subsubsection.7.26.3.1}{\376\377\0007\000.\0002\0006\000.\0003\000.\0001\000\040\000s\000e\000l\000e\000c\000t\000e\000d\000C\000o\000n\000f\000i\000g\000u\000r\000a\000t\000i\000o\000n\000\050\000\051}{subsection.7.26.3}% 316
\BOOKMARK [0][-]{chapter.8}{\376\377\0008\000\040\000F\000i\000l\000e\000\040\000D\000o\000c\000u\000m\000e\000n\000t\000a\000t\000i\000o\000n}{}% 317
\BOOKMARK [1][-]{section.8.1}{\376\377\0008\000.\0001\000\040\000c\000o\000n\000n\000e\000c\000t\000a\000b\000l\000e\000r\000e\000s\000i\000z\000e\000r\000.\000c\000p\000p\000\040\000F\000i\000l\000e\000\040\000R\000e\000f\000e\000r\000e\000n\000c\000e}{chapter.8}% 318
\BOOKMARK [2][-]{subsection.8.1.1}{\376\377\0008\000.\0001\000.\0001\000\040\000D\000e\000t\000a\000i\000l\000e\000d\000\040\000D\000e\000s\000c\000r\000i\000p\000t\000i\000o\000n}{section.8.1}% 319
\BOOKMARK [1][-]{section.8.2}{\376\377\0008\000.\0002\000\040\000c\000o\000n\000n\000e\000c\000t\000a\000b\000l\000e\000r\000e\000s\000i\000z\000e\000r\000.\000h\000\040\000F\000i\000l\000e\000\040\000R\000e\000f\000e\000r\000e\000n\000c\000e}{chapter.8}% 320
\BOOKMARK [2][-]{subsection.8.2.1}{\376\377\0008\000.\0002\000.\0001\000\040\000D\000e\000t\000a\000i\000l\000e\000d\000\040\000D\000e\000s\000c\000r\000i\000p\000t\000i\000o\000n}{section.8.2}% 321
\BOOKMARK [1][-]{section.8.3}{\376\377\0008\000.\0003\000\040\000c\000o\000n\000n\000e\000c\000t\000a\000b\000l\000e\000r\000e\000s\000i\000z\000e\000r\000.\000h}{chapter.8}% 322
\BOOKMARK [1][-]{section.8.4}{\376\377\0008\000.\0004\000\040\000c\000o\000n\000n\000e\000c\000t\000i\000o\000n\000s\000p\000e\000c\000i\000f\000i\000c\000a\000t\000i\000o\000n\000s\000.\000c\000p\000p\000\040\000F\000i\000l\000e\000\040\000R\000e\000f\000e\000r\000e\000n\000c\000e}{chapter.8}% 323
\BOOKMARK [2][-]{subsection.8.4.1}{\376\377\0008\000.\0004\000.\0001\000\040\000D\000e\000t\000a\000i\000l\000e\000d\000\040\000D\000e\000s\000c\000r\000i\000p\000t\000i\000o\000n}{section.8.4}% 324
\BOOKMARK [1][-]{section.8.5}{\376\377\0008\000.\0005\000\040\000c\000o\000n\000n\000e\000c\000t\000i\000o\000n\000s\000p\000e\000c\000i\000f\000i\000c\000a\000t\000i\000o\000n\000s\000.\000h\000\040\000F\000i\000l\000e\000\040\000R\000e\000f\000e\000r\000e\000n\000c\000e}{chapter.8}% 325
\BOOKMARK [2][-]{subsection.8.5.1}{\376\377\0008\000.\0005\000.\0001\000\040\000D\000e\000t\000a\000i\000l\000e\000d\000\040\000D\000e\000s\000c\000r\000i\000p\000t\000i\000o\000n}{section.8.5}% 326
\BOOKMARK [1][-]{section.8.6}{\376\377\0008\000.\0006\000\040\000c\000o\000n\000n\000e\000c\000t\000i\000o\000n\000s\000p\000e\000c\000i\000f\000i\000c\000a\000t\000i\000o\000n\000s\000.\000h}{chapter.8}% 327
\BOOKMARK [1][-]{section.8.7}{\376\377\0008\000.\0007\000\040\000d\000i\000a\000g\000r\000a\000m\000.\000c\000p\000p\000\040\000F\000i\000l\000e\000\040\000R\000e\000f\000e\000r\000e\000n\000c\000e}{chapter.8}% 328
\BOOKMARK [2][-]{subsection.8.7.1}{\376\377\0008\000.\0007\000.\0001\000\040\000D\000e\000t\000a\000i\000l\000e\000d\000\040\000D\000e\000s\000c\000r\000i\000p\000t\000i\000o\000n}{section.8.7}% 329
\BOOKMARK [1][-]{section.8.8}{\376\377\0008\000.\0008\000\040\000d\000i\000a\000g\000r\000a\000m\000.\000h\000\040\000F\000i\000l\000e\000\040\000R\000e\000f\000e\000r\000e\000n\000c\000e}{chapter.8}% 330
\BOOKMARK [2][-]{subsection.8.8.1}{\376\377\0008\000.\0008\000.\0001\000\040\000D\000e\000t\000a\000i\000l\000e\000d\000\040\000D\000e\000s\000c\000r\000i\000p\000t\000i\000o\000n}{section.8.8}% 331
\BOOKMARK [1][-]{section.8.9}{\376\377\0008\000.\0009\000\040\000d\000i\000a\000g\000r\000a\000m\000.\000h}{chapter.8}% 332
\BOOKMARK [1][-]{section.8.10}{\376\377\0008\000.\0001\0000\000\040\000d\000i\000a\000g\000r\000a\000m\000c\000o\000m\000p\000o\000n\000e\000n\000t\000.\000c\000p\000p\000\040\000F\000i\000l\000e\000\040\000R\000e\000f\000e\000r\000e\000n\000c\000e}{chapter.8}% 333
\BOOKMARK [2][-]{subsection.8.10.1}{\376\377\0008\000.\0001\0000\000.\0001\000\040\000D\000e\000t\000a\000i\000l\000e\000d\000\040\000D\000e\000s\000c\000r\000i\000p\000t\000i\000o\000n}{section.8.10}% 334
\BOOKMARK [1][-]{section.8.11}{\376\377\0008\000.\0001\0001\000\040\000d\000i\000a\000g\000r\000a\000m\000c\000o\000m\000p\000o\000n\000e\000n\000t\000.\000h\000\040\000F\000i\000l\000e\000\040\000R\000e\000f\000e\000r\000e\000n\000c\000e}{chapter.8}% 335
\BOOKMARK [2][-]{subsection.8.11.1}{\376\377\0008\000.\0001\0001\000.\0001\000\040\000D\000e\000t\000a\000i\000l\000e\000d\000\040\000D\000e\000s\000c\000r\000i\000p\000t\000i\000o\000n}{section.8.11}% 336
\BOOKMARK [1][-]{section.8.12}{\376\377\0008\000.\0001\0002\000\040\000d\000i\000a\000g\000r\000a\000m\000c\000o\000m\000p\000o\000n\000e\000n\000t\000.\000h}{chapter.8}% 337
\BOOKMARK [1][-]{section.8.13}{\376\377\0008\000.\0001\0003\000\040\000d\000i\000a\000g\000r\000a\000m\000c\000o\000n\000n\000e\000c\000t\000i\000o\000n\000.\000c\000p\000p\000\040\000F\000i\000l\000e\000\040\000R\000e\000f\000e\000r\000e\000n\000c\000e}{chapter.8}% 338
\BOOKMARK [2][-]{subsection.8.13.1}{\376\377\0008\000.\0001\0003\000.\0001\000\040\000D\000e\000t\000a\000i\000l\000e\000d\000\040\000D\000e\000s\000c\000r\000i\000p\000t\000i\000o\000n}{section.8.13}% 339
\BOOKMARK [1][-]{section.8.14}{\376\377\0008\000.\0001\0004\000\040\000d\000i\000a\000g\000r\000a\000m\000c\000o\000n\000n\000e\000c\000t\000i\000o\000n\000.\000h\000\040\000F\000i\000l\000e\000\040\000R\000e\000f\000e\000r\000e\000n\000c\000e}{chapter.8}% 340
\BOOKMARK [2][-]{subsection.8.14.1}{\376\377\0008\000.\0001\0004\000.\0001\000\040\000D\000e\000t\000a\000i\000l\000e\000d\000\040\000D\000e\000s\000c\000r\000i\000p\000t\000i\000o\000n}{section.8.14}% 341
\BOOKMARK [1][-]{section.8.15}{\376\377\0008\000.\0001\0005\000\040\000d\000i\000a\000g\000r\000a\000m\000c\000o\000n\000n\000e\000c\000t\000i\000o\000n\000.\000h}{chapter.8}% 342
\BOOKMARK [1][-]{section.8.16}{\376\377\0008\000.\0001\0006\000\040\000d\000i\000a\000g\000r\000a\000m\000e\000l\000e\000m\000e\000n\000t\000.\000c\000p\000p\000\040\000F\000i\000l\000e\000\040\000R\000e\000f\000e\000r\000e\000n\000c\000e}{chapter.8}% 343
\BOOKMARK [2][-]{subsection.8.16.1}{\376\377\0008\000.\0001\0006\000.\0001\000\040\000D\000e\000t\000a\000i\000l\000e\000d\000\040\000D\000e\000s\000c\000r\000i\000p\000t\000i\000o\000n}{section.8.16}% 344
\BOOKMARK [1][-]{section.8.17}{\376\377\0008\000.\0001\0007\000\040\000d\000i\000a\000g\000r\000a\000m\000e\000l\000e\000m\000e\000n\000t\000.\000h\000\040\000F\000i\000l\000e\000\040\000R\000e\000f\000e\000r\000e\000n\000c\000e}{chapter.8}% 345
\BOOKMARK [2][-]{subsection.8.17.1}{\376\377\0008\000.\0001\0007\000.\0001\000\040\000D\000e\000t\000a\000i\000l\000e\000d\000\040\000D\000e\000s\000c\000r\000i\000p\000t\000i\000o\000n}{section.8.17}% 346
\BOOKMARK [1][-]{section.8.18}{\376\377\0008\000.\0001\0008\000\040\000d\000i\000a\000g\000r\000a\000m\000e\000l\000e\000m\000e\000n\000t\000.\000h}{chapter.8}% 347
\BOOKMARK [1][-]{section.8.19}{\376\377\0008\000.\0001\0009\000\040\000d\000i\000a\000g\000r\000a\000m\000i\000t\000e\000m\000.\000c\000p\000p\000\040\000F\000i\000l\000e\000\040\000R\000e\000f\000e\000r\000e\000n\000c\000e}{chapter.8}% 348
\BOOKMARK [2][-]{subsection.8.19.1}{\376\377\0008\000.\0001\0009\000.\0001\000\040\000D\000e\000t\000a\000i\000l\000e\000d\000\040\000D\000e\000s\000c\000r\000i\000p\000t\000i\000o\000n}{section.8.19}% 349
\BOOKMARK [1][-]{section.8.20}{\376\377\0008\000.\0002\0000\000\040\000d\000i\000a\000g\000r\000a\000m\000i\000t\000e\000m\000.\000h\000\040\000F\000i\000l\000e\000\040\000R\000e\000f\000e\000r\000e\000n\000c\000e}{chapter.8}% 350
\BOOKMARK [2][-]{subsection.8.20.1}{\376\377\0008\000.\0002\0000\000.\0001\000\040\000D\000e\000t\000a\000i\000l\000e\000d\000\040\000D\000e\000s\000c\000r\000i\000p\000t\000i\000o\000n}{section.8.20}% 351
\BOOKMARK [1][-]{section.8.21}{\376\377\0008\000.\0002\0001\000\040\000d\000i\000a\000g\000r\000a\000m\000i\000t\000e\000m\000.\000h}{chapter.8}% 352
\BOOKMARK [1][-]{section.8.22}{\376\377\0008\000.\0002\0002\000\040\000d\000i\000a\000g\000r\000a\000m\000r\000e\000s\000i\000z\000e\000r\000.\000c\000p\000p\000\040\000F\000i\000l\000e\000\040\000R\000e\000f\000e\000r\000e\000n\000c\000e}{chapter.8}% 353
\BOOKMARK [2][-]{subsection.8.22.1}{\376\377\0008\000.\0002\0002\000.\0001\000\040\000D\000e\000t\000a\000i\000l\000e\000d\000\040\000D\000e\000s\000c\000r\000i\000p\000t\000i\000o\000n}{section.8.22}% 354
\BOOKMARK [1][-]{section.8.23}{\376\377\0008\000.\0002\0003\000\040\000d\000i\000a\000g\000r\000a\000m\000r\000e\000s\000i\000z\000e\000r\000.\000h\000\040\000F\000i\000l\000e\000\040\000R\000e\000f\000e\000r\000e\000n\000c\000e}{chapter.8}% 355
\BOOKMARK [2][-]{subsection.8.23.1}{\376\377\0008\000.\0002\0003\000.\0001\000\040\000D\000e\000t\000a\000i\000l\000e\000d\000\040\000D\000e\000s\000c\000r\000i\000p\000t\000i\000o\000n}{section.8.23}% 356
\BOOKMARK [1][-]{section.8.24}{\376\377\0008\000.\0002\0004\000\040\000d\000i\000a\000g\000r\000a\000m\000r\000e\000s\000i\000z\000e\000r\000.\000h}{chapter.8}% 357
\BOOKMARK [1][-]{section.8.25}{\376\377\0008\000.\0002\0005\000\040\000d\000i\000a\000g\000r\000a\000m\000s\000p\000e\000c\000i\000f\000i\000c\000a\000t\000i\000o\000n\000.\000c\000p\000p\000\040\000F\000i\000l\000e\000\040\000R\000e\000f\000e\000r\000e\000n\000c\000e}{chapter.8}% 358
\BOOKMARK [2][-]{subsection.8.25.1}{\376\377\0008\000.\0002\0005\000.\0001\000\040\000D\000e\000t\000a\000i\000l\000e\000d\000\040\000D\000e\000s\000c\000r\000i\000p\000t\000i\000o\000n}{section.8.25}% 359
\BOOKMARK [1][-]{section.8.26}{\376\377\0008\000.\0002\0006\000\040\000d\000i\000a\000g\000r\000a\000m\000s\000p\000e\000c\000i\000f\000i\000c\000a\000t\000i\000o\000n\000.\000h\000\040\000F\000i\000l\000e\000\040\000R\000e\000f\000e\000r\000e\000n\000c\000e}{chapter.8}% 360
\BOOKMARK [2][-]{subsection.8.26.1}{\376\377\0008\000.\0002\0006\000.\0001\000\040\000D\000e\000t\000a\000i\000l\000e\000d\000\040\000D\000e\000s\000c\000r\000i\000p\000t\000i\000o\000n}{section.8.26}% 361
\BOOKMARK [1][-]{section.8.27}{\376\377\0008\000.\0002\0007\000\040\000d\000i\000a\000g\000r\000a\000m\000s\000p\000e\000c\000i\000f\000i\000c\000a\000t\000i\000o\000n\000.\000h}{chapter.8}% 362
\BOOKMARK [1][-]{section.8.28}{\376\377\0008\000.\0002\0008\000\040\000d\000i\000a\000g\000r\000a\000m\000t\000y\000p\000e\000.\000c\000p\000p\000\040\000F\000i\000l\000e\000\040\000R\000e\000f\000e\000r\000e\000n\000c\000e}{chapter.8}% 363
\BOOKMARK [2][-]{subsection.8.28.1}{\376\377\0008\000.\0002\0008\000.\0001\000\040\000D\000e\000t\000a\000i\000l\000e\000d\000\040\000D\000e\000s\000c\000r\000i\000p\000t\000i\000o\000n}{section.8.28}% 364
\BOOKMARK [1][-]{section.8.29}{\376\377\0008\000.\0002\0009\000\040\000d\000i\000a\000g\000r\000a\000m\000t\000y\000p\000e\000.\000h\000\040\000F\000i\000l\000e\000\040\000R\000e\000f\000e\000r\000e\000n\000c\000e}{chapter.8}% 365
\BOOKMARK [2][-]{subsection.8.29.1}{\376\377\0008\000.\0002\0009\000.\0001\000\040\000D\000e\000t\000a\000i\000l\000e\000d\000\040\000D\000e\000s\000c\000r\000i\000p\000t\000i\000o\000n}{section.8.29}% 366
\BOOKMARK [1][-]{section.8.30}{\376\377\0008\000.\0003\0000\000\040\000d\000i\000a\000g\000r\000a\000m\000t\000y\000p\000e\000.\000h}{chapter.8}% 367
\BOOKMARK [1][-]{section.8.31}{\376\377\0008\000.\0003\0001\000\040\000d\000i\000a\000g\000r\000a\000m\000t\000y\000p\000e\000g\000r\000o\000u\000p\000.\000c\000p\000p\000\040\000F\000i\000l\000e\000\040\000R\000e\000f\000e\000r\000e\000n\000c\000e}{chapter.8}% 368
\BOOKMARK [2][-]{subsection.8.31.1}{\376\377\0008\000.\0003\0001\000.\0001\000\040\000D\000e\000t\000a\000i\000l\000e\000d\000\040\000D\000e\000s\000c\000r\000i\000p\000t\000i\000o\000n}{section.8.31}% 369
\BOOKMARK [1][-]{section.8.32}{\376\377\0008\000.\0003\0002\000\040\000d\000i\000a\000g\000r\000a\000m\000t\000y\000p\000e\000g\000r\000o\000u\000p\000.\000h\000\040\000F\000i\000l\000e\000\040\000R\000e\000f\000e\000r\000e\000n\000c\000e}{chapter.8}% 370
\BOOKMARK [2][-]{subsection.8.32.1}{\376\377\0008\000.\0003\0002\000.\0001\000\040\000D\000e\000t\000a\000i\000l\000e\000d\000\040\000D\000e\000s\000c\000r\000i\000p\000t\000i\000o\000n}{section.8.32}% 371
\BOOKMARK [1][-]{section.8.33}{\376\377\0008\000.\0003\0003\000\040\000d\000i\000a\000g\000r\000a\000m\000t\000y\000p\000e\000g\000r\000o\000u\000p\000.\000h}{chapter.8}% 372
\BOOKMARK [1][-]{section.8.34}{\376\377\0008\000.\0003\0004\000\040\000e\000l\000e\000m\000e\000n\000t\000s\000p\000e\000c\000i\000f\000i\000c\000a\000t\000i\000o\000n\000s\000.\000c\000p\000p\000\040\000F\000i\000l\000e\000\040\000R\000e\000f\000e\000r\000e\000n\000c\000e}{chapter.8}% 373
\BOOKMARK [2][-]{subsection.8.34.1}{\376\377\0008\000.\0003\0004\000.\0001\000\040\000D\000e\000t\000a\000i\000l\000e\000d\000\040\000D\000e\000s\000c\000r\000i\000p\000t\000i\000o\000n}{section.8.34}% 374
\BOOKMARK [1][-]{section.8.35}{\376\377\0008\000.\0003\0005\000\040\000e\000l\000e\000m\000e\000n\000t\000s\000p\000e\000c\000i\000f\000i\000c\000a\000t\000i\000o\000n\000s\000.\000h\000\040\000F\000i\000l\000e\000\040\000R\000e\000f\000e\000r\000e\000n\000c\000e}{chapter.8}% 375
\BOOKMARK [2][-]{subsection.8.35.1}{\376\377\0008\000.\0003\0005\000.\0001\000\040\000D\000e\000t\000a\000i\000l\000e\000d\000\040\000D\000e\000s\000c\000r\000i\000p\000t\000i\000o\000n}{section.8.35}% 376
\BOOKMARK [1][-]{section.8.36}{\376\377\0008\000.\0003\0006\000\040\000e\000l\000e\000m\000e\000n\000t\000s\000p\000e\000c\000i\000f\000i\000c\000a\000t\000i\000o\000n\000s\000.\000h}{chapter.8}% 377
\BOOKMARK [1][-]{section.8.37}{\376\377\0008\000.\0003\0007\000\040\000f\000i\000x\000e\000d\000s\000p\000e\000c\000i\000f\000i\000c\000a\000t\000i\000o\000n\000.\000h}{chapter.8}% 378
\BOOKMARK [1][-]{section.8.38}{\376\377\0008\000.\0003\0008\000\040\000g\000e\000o\000m\000e\000t\000r\000y\000u\000t\000i\000l\000s\000.\000c\000p\000p\000\040\000F\000i\000l\000e\000\040\000R\000e\000f\000e\000r\000e\000n\000c\000e}{chapter.8}% 379
\BOOKMARK [2][-]{subsection.8.38.1}{\376\377\0008\000.\0003\0008\000.\0001\000\040\000D\000e\000t\000a\000i\000l\000e\000d\000\040\000D\000e\000s\000c\000r\000i\000p\000t\000i\000o\000n}{section.8.38}% 380
\BOOKMARK [1][-]{section.8.39}{\376\377\0008\000.\0003\0009\000\040\000g\000e\000o\000m\000e\000t\000r\000y\000u\000t\000i\000l\000s\000.\000h\000\040\000F\000i\000l\000e\000\040\000R\000e\000f\000e\000r\000e\000n\000c\000e}{chapter.8}% 381
\BOOKMARK [2][-]{subsection.8.39.1}{\376\377\0008\000.\0003\0009\000.\0001\000\040\000D\000e\000t\000a\000i\000l\000e\000d\000\040\000D\000e\000s\000c\000r\000i\000p\000t\000i\000o\000n}{section.8.39}% 382
\BOOKMARK [1][-]{section.8.40}{\376\377\0008\000.\0004\0000\000\040\000g\000e\000o\000m\000e\000t\000r\000y\000u\000t\000i\000l\000s\000.\000h}{chapter.8}% 383
\BOOKMARK [1][-]{section.8.41}{\376\377\0008\000.\0004\0001\000\040\000j\000s\000o\000n\000f\000i\000l\000e\000.\000c\000p\000p\000\040\000F\000i\000l\000e\000\040\000R\000e\000f\000e\000r\000e\000n\000c\000e}{chapter.8}% 384
\BOOKMARK [2][-]{subsection.8.41.1}{\376\377\0008\000.\0004\0001\000.\0001\000\040\000D\000e\000t\000a\000i\000l\000e\000d\000\040\000D\000e\000s\000c\000r\000i\000p\000t\000i\000o\000n}{section.8.41}% 385
\BOOKMARK [1][-]{section.8.42}{\376\377\0008\000.\0004\0002\000\040\000j\000s\000o\000n\000f\000i\000l\000e\000.\000h\000\040\000F\000i\000l\000e\000\040\000R\000e\000f\000e\000r\000e\000n\000c\000e}{chapter.8}% 386
\BOOKMARK [2][-]{subsection.8.42.1}{\376\377\0008\000.\0004\0002\000.\0001\000\040\000D\000e\000t\000a\000i\000l\000e\000d\000\040\000D\000e\000s\000c\000r\000i\000p\000t\000i\000o\000n}{section.8.42}% 387
\BOOKMARK [1][-]{section.8.43}{\376\377\0008\000.\0004\0003\000\040\000j\000s\000o\000n\000f\000i\000l\000e\000.\000h}{chapter.8}% 388
\BOOKMARK [1][-]{section.8.44}{\376\377\0008\000.\0004\0004\000\040\000j\000s\000o\000n\000s\000e\000r\000i\000a\000l\000i\000z\000a\000b\000l\000e\000.\000c\000p\000p\000\040\000F\000i\000l\000e\000\040\000R\000e\000f\000e\000r\000e\000n\000c\000e}{chapter.8}% 389
\BOOKMARK [2][-]{subsection.8.44.1}{\376\377\0008\000.\0004\0004\000.\0001\000\040\000D\000e\000t\000a\000i\000l\000e\000d\000\040\000D\000e\000s\000c\000r\000i\000p\000t\000i\000o\000n}{section.8.44}% 390
\BOOKMARK [1][-]{section.8.45}{\376\377\0008\000.\0004\0005\000\040\000j\000s\000o\000n\000s\000e\000r\000i\000a\000l\000i\000z\000a\000b\000l\000e\000.\000h\000\040\000F\000i\000l\000e\000\040\000R\000e\000f\000e\000r\000e\000n\000c\000e}{chapter.8}% 391
\BOOKMARK [2][-]{subsection.8.45.1}{\376\377\0008\000.\0004\0005\000.\0001\000\040\000D\000e\000t\000a\000i\000l\000e\000d\000\040\000D\000e\000s\000c\000r\000i\000p\000t\000i\000o\000n}{section.8.45}% 392
\BOOKMARK [1][-]{section.8.46}{\376\377\0008\000.\0004\0006\000\040\000j\000s\000o\000n\000s\000e\000r\000i\000a\000l\000i\000z\000a\000b\000l\000e\000.\000h}{chapter.8}% 393
\BOOKMARK [1][-]{section.8.47}{\376\377\0008\000.\0004\0007\000\040\000l\000i\000s\000t\000s\000p\000e\000c\000i\000f\000i\000c\000a\000t\000i\000o\000n\000.\000c\000p\000p\000\040\000F\000i\000l\000e\000\040\000R\000e\000f\000e\000r\000e\000n\000c\000e}{chapter.8}% 394
\BOOKMARK [2][-]{subsection.8.47.1}{\376\377\0008\000.\0004\0007\000.\0001\000\040\000D\000e\000t\000a\000i\000l\000e\000d\000\040\000D\000e\000s\000c\000r\000i\000p\000t\000i\000o\000n}{section.8.47}% 395
\BOOKMARK [1][-]{section.8.48}{\376\377\0008\000.\0004\0008\000\040\000l\000i\000s\000t\000s\000p\000e\000c\000i\000f\000i\000c\000a\000t\000i\000o\000n\000.\000h\000\040\000F\000i\000l\000e\000\040\000R\000e\000f\000e\000r\000e\000n\000c\000e}{chapter.8}% 396
\BOOKMARK [2][-]{subsection.8.48.1}{\376\377\0008\000.\0004\0008\000.\0001\000\040\000D\000e\000t\000a\000i\000l\000e\000d\000\040\000D\000e\000s\000c\000r\000i\000p\000t\000i\000o\000n}{section.8.48}% 397
\BOOKMARK [1][-]{section.8.49}{\376\377\0008\000.\0004\0009\000\040\000l\000i\000s\000t\000s\000p\000e\000c\000i\000f\000i\000c\000a\000t\000i\000o\000n\000.\000h}{chapter.8}% 398
\BOOKMARK [1][-]{section.8.50}{\376\377\0008\000.\0005\0000\000\040\000l\000o\000n\000g\000t\000e\000x\000t\000s\000p\000e\000c\000i\000f\000i\000c\000a\000t\000i\000o\000n\000.\000h\000\040\000F\000i\000l\000e\000\040\000R\000e\000f\000e\000r\000e\000n\000c\000e}{chapter.8}% 399
\BOOKMARK [2][-]{subsection.8.50.1}{\376\377\0008\000.\0005\0000\000.\0001\000\040\000D\000e\000t\000a\000i\000l\000e\000d\000\040\000D\000e\000s\000c\000r\000i\000p\000t\000i\000o\000n}{section.8.50}% 400
\BOOKMARK [1][-]{section.8.51}{\376\377\0008\000.\0005\0001\000\040\000l\000o\000n\000g\000t\000e\000x\000t\000s\000p\000e\000c\000i\000f\000i\000c\000a\000t\000i\000o\000n\000.\000h}{chapter.8}% 401
\BOOKMARK [1][-]{section.8.52}{\376\377\0008\000.\0005\0002\000\040\000m\000a\000i\000n\000.\000c\000p\000p\000\040\000F\000i\000l\000e\000\040\000R\000e\000f\000e\000r\000e\000n\000c\000e}{chapter.8}% 402
\BOOKMARK [2][-]{subsection.8.52.1}{\376\377\0008\000.\0005\0002\000.\0001\000\040\000D\000e\000t\000a\000i\000l\000e\000d\000\040\000D\000e\000s\000c\000r\000i\000p\000t\000i\000o\000n}{section.8.52}% 403
\BOOKMARK [1][-]{section.8.53}{\376\377\0008\000.\0005\0003\000\040\000m\000a\000i\000n\000w\000i\000n\000d\000o\000w\000.\000c\000p\000p\000\040\000F\000i\000l\000e\000\040\000R\000e\000f\000e\000r\000e\000n\000c\000e}{chapter.8}% 404
\BOOKMARK [2][-]{subsection.8.53.1}{\376\377\0008\000.\0005\0003\000.\0001\000\040\000D\000e\000t\000a\000i\000l\000e\000d\000\040\000D\000e\000s\000c\000r\000i\000p\000t\000i\000o\000n}{section.8.53}% 405
\BOOKMARK [1][-]{section.8.54}{\376\377\0008\000.\0005\0004\000\040\000m\000a\000i\000n\000w\000i\000n\000d\000o\000w\000.\000h\000\040\000F\000i\000l\000e\000\040\000R\000e\000f\000e\000r\000e\000n\000c\000e}{chapter.8}% 406
\BOOKMARK [2][-]{subsection.8.54.1}{\376\377\0008\000.\0005\0004\000.\0001\000\040\000D\000e\000t\000a\000i\000l\000e\000d\000\040\000D\000e\000s\000c\000r\000i\000p\000t\000i\000o\000n}{section.8.54}% 407
\BOOKMARK [1][-]{section.8.55}{\376\377\0008\000.\0005\0005\000\040\000m\000a\000i\000n\000w\000i\000n\000d\000o\000w\000.\000h}{chapter.8}% 408
\BOOKMARK [1][-]{section.8.56}{\376\377\0008\000.\0005\0006\000\040\000s\000c\000r\000o\000l\000l\000a\000b\000l\000e\000d\000a\000t\000a\000b\000u\000t\000t\000o\000n\000s\000s\000e\000l\000e\000c\000t\000o\000r\000.\000c\000p\000p\000\040\000F\000i\000l\000e\000\040\000R\000e\000f\000e\000r\000e\000n\000c\000e}{chapter.8}% 409
\BOOKMARK [2][-]{subsection.8.56.1}{\376\377\0008\000.\0005\0006\000.\0001\000\040\000D\000e\000t\000a\000i\000l\000e\000d\000\040\000D\000e\000s\000c\000r\000i\000p\000t\000i\000o\000n}{section.8.56}% 410
\BOOKMARK [1][-]{section.8.57}{\376\377\0008\000.\0005\0007\000\040\000s\000c\000r\000o\000l\000l\000a\000b\000l\000e\000d\000a\000t\000a\000b\000u\000t\000t\000o\000n\000s\000s\000e\000l\000e\000c\000t\000o\000r\000.\000h\000\040\000F\000i\000l\000e\000\040\000R\000e\000f\000e\000r\000e\000n\000c\000e}{chapter.8}% 411
\BOOKMARK [2][-]{subsection.8.57.1}{\376\377\0008\000.\0005\0007\000.\0001\000\040\000D\000e\000t\000a\000i\000l\000e\000d\000\040\000D\000e\000s\000c\000r\000i\000p\000t\000i\000o\000n}{section.8.57}% 412
\BOOKMARK [1][-]{section.8.58}{\376\377\0008\000.\0005\0008\000\040\000s\000c\000r\000o\000l\000l\000a\000b\000l\000e\000d\000a\000t\000a\000b\000u\000t\000t\000o\000n\000s\000s\000e\000l\000e\000c\000t\000o\000r\000.\000h}{chapter.8}% 413
\BOOKMARK [1][-]{section.8.59}{\376\377\0008\000.\0005\0009\000\040\000s\000e\000l\000e\000c\000t\000a\000b\000l\000e\000d\000a\000t\000a\000b\000u\000t\000t\000o\000n\000.\000c\000p\000p\000\040\000F\000i\000l\000e\000\040\000R\000e\000f\000e\000r\000e\000n\000c\000e}{chapter.8}% 414
\BOOKMARK [2][-]{subsection.8.59.1}{\376\377\0008\000.\0005\0009\000.\0001\000\040\000D\000e\000t\000a\000i\000l\000e\000d\000\040\000D\000e\000s\000c\000r\000i\000p\000t\000i\000o\000n}{section.8.59}% 415
\BOOKMARK [1][-]{section.8.60}{\376\377\0008\000.\0006\0000\000\040\000s\000e\000l\000e\000c\000t\000a\000b\000l\000e\000d\000a\000t\000a\000b\000u\000t\000t\000o\000n\000.\000h\000\040\000F\000i\000l\000e\000\040\000R\000e\000f\000e\000r\000e\000n\000c\000e}{chapter.8}% 416
\BOOKMARK [2][-]{subsection.8.60.1}{\376\377\0008\000.\0006\0000\000.\0001\000\040\000D\000e\000t\000a\000i\000l\000e\000d\000\040\000D\000e\000s\000c\000r\000i\000p\000t\000i\000o\000n}{section.8.60}% 417
\BOOKMARK [1][-]{section.8.61}{\376\377\0008\000.\0006\0001\000\040\000s\000e\000l\000e\000c\000t\000a\000b\000l\000e\000d\000a\000t\000a\000b\000u\000t\000t\000o\000n\000.\000h}{chapter.8}% 418
\BOOKMARK [1][-]{section.8.62}{\376\377\0008\000.\0006\0002\000\040\000s\000e\000l\000e\000c\000t\000a\000b\000l\000e\000s\000p\000e\000c\000i\000f\000i\000c\000a\000t\000i\000o\000n\000.\000c\000p\000p\000\040\000F\000i\000l\000e\000\040\000R\000e\000f\000e\000r\000e\000n\000c\000e}{chapter.8}% 419
\BOOKMARK [2][-]{subsection.8.62.1}{\376\377\0008\000.\0006\0002\000.\0001\000\040\000D\000e\000t\000a\000i\000l\000e\000d\000\040\000D\000e\000s\000c\000r\000i\000p\000t\000i\000o\000n}{section.8.62}% 420
\BOOKMARK [1][-]{section.8.63}{\376\377\0008\000.\0006\0003\000\040\000s\000e\000l\000e\000c\000t\000a\000b\000l\000e\000s\000p\000e\000c\000i\000f\000i\000c\000a\000t\000i\000o\000n\000.\000h\000\040\000F\000i\000l\000e\000\040\000R\000e\000f\000e\000r\000e\000n\000c\000e}{chapter.8}% 421
\BOOKMARK [2][-]{subsection.8.63.1}{\376\377\0008\000.\0006\0003\000.\0001\000\040\000D\000e\000t\000a\000i\000l\000e\000d\000\040\000D\000e\000s\000c\000r\000i\000p\000t\000i\000o\000n}{section.8.63}% 422
\BOOKMARK [1][-]{section.8.64}{\376\377\0008\000.\0006\0004\000\040\000s\000e\000l\000e\000c\000t\000a\000b\000l\000e\000s\000p\000e\000c\000i\000f\000i\000c\000a\000t\000i\000o\000n\000.\000h}{chapter.8}% 423
\BOOKMARK [1][-]{section.8.65}{\376\377\0008\000.\0006\0005\000\040\000s\000h\000o\000r\000t\000t\000e\000x\000t\000s\000p\000e\000c\000i\000f\000i\000c\000a\000t\000i\000o\000n\000.\000c\000p\000p\000\040\000F\000i\000l\000e\000\040\000R\000e\000f\000e\000r\000e\000n\000c\000e}{chapter.8}% 424
\BOOKMARK [2][-]{subsection.8.65.1}{\376\377\0008\000.\0006\0005\000.\0001\000\040\000D\000e\000t\000a\000i\000l\000e\000d\000\040\000D\000e\000s\000c\000r\000i\000p\000t\000i\000o\000n}{section.8.65}% 425
\BOOKMARK [1][-]{section.8.66}{\376\377\0008\000.\0006\0006\000\040\000s\000h\000o\000r\000t\000t\000e\000x\000t\000s\000p\000e\000c\000i\000f\000i\000c\000a\000t\000i\000o\000n\000.\000h\000\040\000F\000i\000l\000e\000\040\000R\000e\000f\000e\000r\000e\000n\000c\000e}{chapter.8}% 426
\BOOKMARK [2][-]{subsection.8.66.1}{\376\377\0008\000.\0006\0006\000.\0001\000\040\000D\000e\000t\000a\000i\000l\000e\000d\000\040\000D\000e\000s\000c\000r\000i\000p\000t\000i\000o\000n}{section.8.66}% 427
\BOOKMARK [1][-]{section.8.67}{\376\377\0008\000.\0006\0007\000\040\000s\000h\000o\000r\000t\000t\000e\000x\000t\000s\000p\000e\000c\000i\000f\000i\000c\000a\000t\000i\000o\000n\000.\000h}{chapter.8}% 428
\BOOKMARK [1][-]{section.8.68}{\376\377\0008\000.\0006\0008\000\040\000s\000p\000e\000c\000i\000f\000i\000c\000a\000t\000i\000o\000n\000s\000f\000o\000r\000m\000.\000c\000p\000p\000\040\000F\000i\000l\000e\000\040\000R\000e\000f\000e\000r\000e\000n\000c\000e}{chapter.8}% 429
\BOOKMARK [2][-]{subsection.8.68.1}{\376\377\0008\000.\0006\0008\000.\0001\000\040\000D\000e\000t\000a\000i\000l\000e\000d\000\040\000D\000e\000s\000c\000r\000i\000p\000t\000i\000o\000n}{section.8.68}% 430
\BOOKMARK [1][-]{section.8.69}{\376\377\0008\000.\0006\0009\000\040\000s\000p\000e\000c\000i\000f\000i\000c\000a\000t\000i\000o\000n\000s\000f\000o\000r\000m\000.\000h\000\040\000F\000i\000l\000e\000\040\000R\000e\000f\000e\000r\000e\000n\000c\000e}{chapter.8}% 431
\BOOKMARK [2][-]{subsection.8.69.1}{\376\377\0008\000.\0006\0009\000.\0001\000\040\000D\000e\000t\000a\000i\000l\000e\000d\000\040\000D\000e\000s\000c\000r\000i\000p\000t\000i\000o\000n}{section.8.69}% 432
\BOOKMARK [1][-]{section.8.70}{\376\377\0008\000.\0007\0000\000\040\000s\000p\000e\000c\000i\000f\000i\000c\000a\000t\000i\000o\000n\000s\000f\000o\000r\000m\000.\000h}{chapter.8}% 433
\BOOKMARK [1][-]{section.8.71}{\376\377\0008\000.\0007\0001\000\040\000s\000p\000e\000c\000i\000f\000i\000c\000a\000t\000i\000o\000n\000s\000g\000r\000o\000u\000p\000.\000c\000p\000p\000\040\000F\000i\000l\000e\000\040\000R\000e\000f\000e\000r\000e\000n\000c\000e}{chapter.8}% 434
\BOOKMARK [2][-]{subsection.8.71.1}{\376\377\0008\000.\0007\0001\000.\0001\000\040\000D\000e\000t\000a\000i\000l\000e\000d\000\040\000D\000e\000s\000c\000r\000i\000p\000t\000i\000o\000n}{section.8.71}% 435
\BOOKMARK [1][-]{section.8.72}{\376\377\0008\000.\0007\0002\000\040\000s\000p\000e\000c\000i\000f\000i\000c\000a\000t\000i\000o\000n\000s\000g\000r\000o\000u\000p\000.\000h\000\040\000F\000i\000l\000e\000\040\000R\000e\000f\000e\000r\000e\000n\000c\000e}{chapter.8}% 436
\BOOKMARK [2][-]{subsection.8.72.1}{\376\377\0008\000.\0007\0002\000.\0001\000\040\000D\000e\000t\000a\000i\000l\000e\000d\000\040\000D\000e\000s\000c\000r\000i\000p\000t\000i\000o\000n}{section.8.72}% 437
\BOOKMARK [1][-]{section.8.73}{\376\377\0008\000.\0007\0003\000\040\000s\000p\000e\000c\000i\000f\000i\000c\000a\000t\000i\000o\000n\000s\000g\000r\000o\000u\000p\000.\000h}{chapter.8}% 438
\BOOKMARK [1][-]{section.8.74}{\376\377\0008\000.\0007\0004\000\040\000w\000i\000z\000a\000r\000d\000.\000c\000p\000p\000\040\000F\000i\000l\000e\000\040\000R\000e\000f\000e\000r\000e\000n\000c\000e}{chapter.8}% 439
\BOOKMARK [2][-]{subsection.8.74.1}{\376\377\0008\000.\0007\0004\000.\0001\000\040\000D\000e\000t\000a\000i\000l\000e\000d\000\040\000D\000e\000s\000c\000r\000i\000p\000t\000i\000o\000n}{section.8.74}% 440
\BOOKMARK [1][-]{section.8.75}{\376\377\0008\000.\0007\0005\000\040\000w\000i\000z\000a\000r\000d\000.\000h\000\040\000F\000i\000l\000e\000\040\000R\000e\000f\000e\000r\000e\000n\000c\000e}{chapter.8}% 441
\BOOKMARK [2][-]{subsection.8.75.1}{\376\377\0008\000.\0007\0005\000.\0001\000\040\000D\000e\000t\000a\000i\000l\000e\000d\000\040\000D\000e\000s\000c\000r\000i\000p\000t\000i\000o\000n}{section.8.75}% 442
\BOOKMARK [1][-]{section.8.76}{\376\377\0008\000.\0007\0006\000\040\000w\000i\000z\000a\000r\000d\000.\000h}{chapter.8}% 443
\BOOKMARK [0][-]{section*.440}{\376\377\000I\000n\000d\000e\000x}{}% 444
